#
# There is insufficient memory for the Java Runtime Environment to continue.
# Native memory allocation (mmap) failed to map 68157440 bytes for Failed to commit area from 0x0000000094300000 to 0x0000000098400000 of length 68157440.
# Possible reasons:
#   The system is out of physical RAM or swap space
#   The process is running with CompressedOops enabled, and the Java Heap may be blocking the growth of the native heap
# Possible solutions:
#   Reduce memory load on the system
#   Increase physical memory or swap space
#   Check if swap backing store is full
#   Decrease Java heap size (-Xmx/-Xms)
#   Decrease number of Java threads
#   Decrease Java thread stack sizes (-Xss)
#   Set larger code cache with -XX:ReservedCodeCacheSize=
#   JVM is running with Unscaled Compressed Oops mode in which the Java heap is
#     placed in the first 4GB address space. The Java Heap base address is the
#     maximum limit for the native heap growth. Please use -XX:HeapBaseMinAddress
#     to set the Java Heap base and to place the Java Heap above 4GB virtual address.
# This output file may be truncated or incomplete.
#
#  Out of Memory Error (./src/hotspot/os/windows/os_windows.cpp:3619), pid=19880, tid=13356
#
# JRE version: OpenJDK Runtime Environment JBR-11.0.13.7-1751.21-jcef (11.0.13+7) (build 11.0.13+7-b1751.21)
# Java VM: OpenJDK 64-Bit Server VM JBR-11.0.13.7-1751.21-jcef (11.0.13+7-b1751.21, mixed mode, tiered, compressed oops, g1 gc, windows-amd64)
# No core dump will be written. Minidumps are not enabled by default on client versions of Windows
#

---------------  S U M M A R Y ------------

Command Line: --add-opens=java.base/java.util=ALL-UNNAMED --add-opens=java.base/java.lang=ALL-UNNAMED --add-opens=java.base/java.lang.invoke=ALL-UNNAMED --add-opens=java.base/java.util=ALL-UNNAMED --add-opens=java.prefs/java.util.prefs=ALL-UNNAMED --add-opens=java.prefs/java.util.prefs=ALL-UNNAMED --add-opens=java.base/java.nio.charset=ALL-UNNAMED --add-opens=java.base/java.net=ALL-UNNAMED --add-opens=java.base/java.util.concurrent.atomic=ALL-UNNAMED -Xmx2048m -Dfile.encoding=UTF-8 -Duser.country=US -Duser.language=en -Duser.variant org.gradle.launcher.daemon.bootstrap.GradleDaemon 7.2

Host: AMD Ryzen 5 Microsoft Surface (R) Edition, 8 cores, 13G,  Windows 11 , 64 bit Build 22000 (10.0.22000.434)
Time: Thu Mar 24 15:09:56 2022 Eastern Daylight Time elapsed time: 38.526211 seconds (0d 0h 0m 38s)

---------------  T H R E A D  ---------------

Current thread (0x000001ad653e3800):  VMThread "VM Thread" [stack: 0x0000002d08500000,0x0000002d08600000] [id=13356]

Stack: [0x0000002d08500000,0x0000002d08600000]
[error occurred during error reporting (printing stack bounds), id 0xc0000005, EXCEPTION_ACCESS_VIOLATION (0xc0000005) at pc=0x000001ad4e1f112d]

Native frames: (J=compiled Java code, j=interpreted, Vv=VM code, C=native code)
V  [jvm.dll+0x613daa]
V  [jvm.dll+0x799b30]
V  [jvm.dll+0x79b14d]
V  [jvm.dll+0x79b785]
V  [jvm.dll+0x79b73b]
V  [jvm.dll+0x612ed4]
V  [jvm.dll+0x613668]
C  [ntdll.dll+0xa86ef]
C  [ntdll.dll+0x35aea]
C  [ntdll.dll+0xa76fe]
C  0x000001ad4e1f112d

VM_Operation (0x0000002d0aafe540): G1CollectForAllocation, mode: safepoint, requested by thread 0x000001ad67f3e800


---------------  P R O C E S S  ---------------

Threads class SMR info:
_java_thread_list=0x000001ad65e4cc90, length=41, elements={
0x000001ad4a59f000, 0x000001ad64baf000, 0x000001ad64bb9000, 0x000001ad65437800,
0x000001ad65438800, 0x000001ad65439800, 0x000001ad65444800, 0x000001ad6544d000,
0x000001ad65458800, 0x000001ad655b3800, 0x000001ad66e7e000, 0x000001ad6576c800,
0x000001ad662d1000, 0x000001ad66cba000, 0x000001ad66e0b800, 0x000001ad680c8800,
0x000001ad67386800, 0x000001ad65eb7800, 0x000001ad675e8000, 0x000001ad66d31800,
0x000001ad67f3a800, 0x000001ad67f3b800, 0x000001ad67f3f800, 0x000001ad67f39800,
0x000001ad67f3c000, 0x000001ad67f40000, 0x000001ad67f3d000, 0x000001ad67f3e000,
0x000001ad67f3e800, 0x000001ad66310800, 0x000001ad6630c000, 0x000001ad6630f000,
0x000001ad66310000, 0x000001ad6630b000, 0x000001ad66311800, 0x000001ad66312800,
0x000001ad6630e000, 0x000001ad6630c800, 0x000001ad66313000, 0x000001ad68f26800,
0x000001ad68700800
}

Java Threads: ( => current thread )
  0x000001ad4a59f000 JavaThread "main" [_thread_blocked, id=6664, stack(0x0000002d07f00000,0x0000002d08000000)]
  0x000001ad64baf000 JavaThread "Reference Handler" daemon [_thread_blocked, id=13224, stack(0x0000002d08600000,0x0000002d08700000)]
  0x000001ad64bb9000 JavaThread "Finalizer" daemon [_thread_blocked, id=18084, stack(0x0000002d08700000,0x0000002d08800000)]
  0x000001ad65437800 JavaThread "Signal Dispatcher" daemon [_thread_blocked, id=18108, stack(0x0000002d08800000,0x0000002d08900000)]
  0x000001ad65438800 JavaThread "Attach Listener" daemon [_thread_blocked, id=19580, stack(0x0000002d08900000,0x0000002d08a00000)]
  0x000001ad65439800 JavaThread "Service Thread" daemon [_thread_blocked, id=10416, stack(0x0000002d08a00000,0x0000002d08b00000)]
  0x000001ad65444800 JavaThread "C2 CompilerThread0" daemon [_thread_blocked, id=8476, stack(0x0000002d08b00000,0x0000002d08c00000)]
  0x000001ad6544d000 JavaThread "C1 CompilerThread0" daemon [_thread_blocked, id=18000, stack(0x0000002d08c00000,0x0000002d08d00000)]
  0x000001ad65458800 JavaThread "Sweeper thread" daemon [_thread_blocked, id=7688, stack(0x0000002d08d00000,0x0000002d08e00000)]
  0x000001ad655b3800 JavaThread "Common-Cleaner" daemon [_thread_blocked, id=12932, stack(0x0000002d08e00000,0x0000002d08f00000)]
  0x000001ad66e7e000 JavaThread "Daemon health stats" [_thread_blocked, id=5372, stack(0x0000002d09600000,0x0000002d09700000)]
  0x000001ad6576c800 JavaThread "Incoming local TCP Connector on port 63770" [_thread_in_native, id=12936, stack(0x0000002d09000000,0x0000002d09100000)]
  0x000001ad662d1000 JavaThread "Daemon periodic checks" [_thread_blocked, id=1304, stack(0x0000002d09500000,0x0000002d09600000)]
  0x000001ad66cba000 JavaThread "Daemon" [_thread_blocked, id=8100, stack(0x0000002d09700000,0x0000002d09800000)]
  0x000001ad66e0b800 JavaThread "Handler for socket connection from /127.0.0.1:63770 to /127.0.0.1:63771" [_thread_in_native, id=2484, stack(0x0000002d09800000,0x0000002d09900000)]
  0x000001ad680c8800 JavaThread "Cancel handler" [_thread_blocked, id=492, stack(0x0000002d09900000,0x0000002d09a00000)]
  0x000001ad67386800 JavaThread "Daemon worker" [_thread_blocked, id=11952, stack(0x0000002d09a00000,0x0000002d09b00000)]
  0x000001ad65eb7800 JavaThread "Asynchronous log dispatcher for DefaultDaemonConnection: socket connection from /127.0.0.1:63770 to /127.0.0.1:63771" [_thread_blocked, id=1236, stack(0x0000002d09c00000,0x0000002d09d00000)]
  0x000001ad675e8000 JavaThread "Stdin handler" [_thread_blocked, id=17636, stack(0x0000002d09d00000,0x0000002d09e00000)]
  0x000001ad66d31800 JavaThread "Daemon client event forwarder" [_thread_blocked, id=11596, stack(0x0000002d09e00000,0x0000002d09f00000)]
  0x000001ad67f3a800 JavaThread "Cache worker for journal cache (C:\Users\ryanj\.gradle\caches\journal-1)" [_thread_blocked, id=3912, stack(0x0000002d09b00000,0x0000002d09c00000)]
  0x000001ad67f3b800 JavaThread "File lock request listener" [_thread_in_native, id=3816, stack(0x0000002d09f00000,0x0000002d0a000000)]
  0x000001ad67f3f800 JavaThread "Cache worker for file hash cache (C:\Users\ryanj\.gradle\caches\7.2\fileHashes)" [_thread_blocked, id=4952, stack(0x0000002d0a000000,0x0000002d0a100000)]
  0x000001ad67f39800 JavaThread "Cache worker for file hash cache (C:\Users\ryanj\OneDrive\Desktop\CMPU 203\team-h\.gradle\7.2\fileHashes)" [_thread_blocked, id=14412, stack(0x0000002d0a500000,0x0000002d0a600000)]
  0x000001ad67f3c000 JavaThread "File watcher server" daemon [_thread_in_native, id=824, stack(0x0000002d0a700000,0x0000002d0a800000)]
  0x000001ad67f40000 JavaThread "File watcher consumer" daemon [_thread_blocked, id=19032, stack(0x0000002d0a800000,0x0000002d0a900000)]
  0x000001ad67f3d000 JavaThread "jar transforms" [_thread_blocked, id=15464, stack(0x0000002d0a600000,0x0000002d0a700000)]
  0x000001ad67f3e000 JavaThread "jar transforms Thread 2" [_thread_blocked, id=8484, stack(0x0000002d0a900000,0x0000002d0aa00000)]
  0x000001ad67f3e800 JavaThread "jar transforms Thread 3" [_thread_blocked, id=2108, stack(0x0000002d0aa00000,0x0000002d0ab00000)]
  0x000001ad66310800 JavaThread "jar transforms Thread 4" [_thread_blocked, id=14284, stack(0x0000002d0ab00000,0x0000002d0ac00000)]
  0x000001ad6630c000 JavaThread "jar transforms Thread 5" [_thread_blocked, id=14244, stack(0x0000002d0ac00000,0x0000002d0ad00000)]
  0x000001ad6630f000 JavaThread "jar transforms Thread 6" [_thread_blocked, id=9664, stack(0x0000002d0ad00000,0x0000002d0ae00000)]
  0x000001ad66310000 JavaThread "jar transforms Thread 7" [_thread_blocked, id=7340, stack(0x0000002d0ae00000,0x0000002d0af00000)]
  0x000001ad6630b000 JavaThread "jar transforms Thread 8" [_thread_blocked, id=5008, stack(0x0000002d0af00000,0x0000002d0b000000)]
  0x000001ad66311800 JavaThread "Cache worker for checksums cache (C:\Users\ryanj\OneDrive\Desktop\CMPU 203\team-h\.gradle\checksums)" [_thread_blocked, id=14392, stack(0x0000002d0b000000,0x0000002d0b100000)]
  0x000001ad66312800 JavaThread "Cache worker for cache directory md-supplier (C:\Users\ryanj\.gradle\caches\7.2\md-supplier)" [_thread_blocked, id=5456, stack(0x0000002d0b100000,0x0000002d0b200000)]
  0x000001ad6630e000 JavaThread "Cache worker for cache directory md-rule (C:\Users\ryanj\.gradle\caches\7.2\md-rule)" [_thread_blocked, id=2052, stack(0x0000002d0b300000,0x0000002d0b400000)]
  0x000001ad6630c800 JavaThread "Cache worker for execution history cache (C:\Users\ryanj\.gradle\caches\7.2\executionHistory)" [_thread_blocked, id=13680, stack(0x0000002d0b400000,0x0000002d0b500000)]
  0x000001ad66313000 JavaThread "Cache worker for file content cache (C:\Users\ryanj\.gradle\caches\7.2\fileContent)" [_thread_blocked, id=8684, stack(0x0000002d0b600000,0x0000002d0b700000)]
  0x000001ad68f26800 JavaThread "C2 CompilerThread1" daemon [_thread_in_native, id=12148, stack(0x0000002d0b200000,0x0000002d0b300000)]
  0x000001ad68700800 JavaThread "C2 CompilerThread2" daemon [_thread_in_native, id=18780, stack(0x0000002d0b500000,0x0000002d0b600000)]

Other Threads:
=>0x000001ad653e3800 VMThread "VM Thread" [stack: 0x0000002d08500000,0x0000002d08600000] [id=13356]
  0x000001ad655e4000 WatcherThread [stack: 0x0000002d08f00000,0x0000002d09000000] [id=18436]
  0x000001ad4a5b7800 GCTaskThread "GC Thread#0" [stack: 0x0000002d08000000,0x0000002d08100000] [id=6132]
  0x000001ad667b1800 GCTaskThread "GC Thread#1" [stack: 0x0000002d09100000,0x0000002d09200000] [id=5764]
  0x000001ad66a69000 GCTaskThread "GC Thread#2" [stack: 0x0000002d09200000,0x0000002d09300000] [id=2240]
  0x000001ad65b53800 GCTaskThread "GC Thread#3" [stack: 0x0000002d09300000,0x0000002d09400000] [id=19948]
  0x000001ad66484000 GCTaskThread "GC Thread#4" [stack: 0x0000002d09400000,0x0000002d09500000] [id=6656]
  0x000001ad66d6f800 GCTaskThread "GC Thread#5" [stack: 0x0000002d0a100000,0x0000002d0a200000] [id=15500]
  0x000001ad6638f800 GCTaskThread "GC Thread#6" [stack: 0x0000002d0a200000,0x0000002d0a300000] [id=15444]
  0x000001ad6746a000 GCTaskThread "GC Thread#7" [stack: 0x0000002d0a300000,0x0000002d0a400000] [id=13164]
  0x000001ad4a5ea000 ConcurrentGCThread "G1 Main Marker" [stack: 0x0000002d08100000,0x0000002d08200000] [id=32]
  0x000001ad4a5eb000 ConcurrentGCThread "G1 Conc#0" [stack: 0x0000002d08200000,0x0000002d08300000] [id=18800]
  0x000001ad687e5800 ConcurrentGCThread "G1 Conc#1" [stack: 0x0000002d0a400000,0x0000002d0a500000] [id=2836]
  0x000001ad64a24800 ConcurrentGCThread "G1 Refine#0" [stack: 0x0000002d08300000,0x0000002d08400000] [id=15912]
  0x000001ad64a25000 ConcurrentGCThread "G1 Young RemSet Sampling" [stack: 0x0000002d08400000,0x0000002d08500000] [id=3604]

Threads with active compile tasks:
C2 CompilerThread0  38554 6203       4       org.gradle.internal.classpath.InstrumentingClasspathFileTransformer::lambda$visitEntries$1 (113 bytes)
C2 CompilerThread1  38554 6222       4       org.apache.tools.zip.ZipOutputStream::writeLocalFileHeader (101 bytes)
C2 CompilerThread2  38554 6260       4       org.objectweb.asm.ClassReader::readCode (5109 bytes)

VM state:at safepoint (normal execution)

VM Mutex/Monitor currently owned by a thread:  ([mutex/lock_event])
[0x000001ad4a59b230] Threads_lock - owner thread: 0x000001ad653e3800
[0x000001ad4a59bb30] Heap_lock - owner thread: 0x000001ad67f3e800

Heap address: 0x0000000080000000, size: 2048 MB, Compressed Oops mode: 32-bit
Narrow klass base: 0x0000000000000000, Narrow klass shift: 3
Compressed class space size: 1073741824 Address: 0x0000000100000000

Heap:
 garbage-first heap   total 397312K, used 103001K [0x0000000080000000, 0x0000000100000000)
  region size 1024K, 14 young (14336K), 14 survivors (14336K)
 Metaspace       used 48948K, capacity 50340K, committed 50480K, reserved 1093632K
  class space    used 6200K, capacity 6714K, committed 6784K, reserved 1048576K
Heap Regions: E=young(eden), S=young(survivor), O=old, HS=humongous(starts), HC=humongous(continues), CS=collection set, F=free, A=archive, TAMS=top-at-mark-start (previous, next)
|   0|0x0000000080000000, 0x0000000080100000, 0x0000000080100000|100%| O|  |TAMS 0x0000000080100000, 0x0000000080000000| Untracked 
|   1|0x0000000080100000, 0x0000000080200000, 0x0000000080200000|100%| O|  |TAMS 0x0000000080200000, 0x0000000080100000| Untracked 
|   2|0x0000000080200000, 0x0000000080300000, 0x0000000080300000|100%| O|  |TAMS 0x0000000080300000, 0x0000000080200000| Untracked 
|   3|0x0000000080300000, 0x0000000080400000, 0x0000000080400000|100%|HS|  |TAMS 0x0000000080400000, 0x0000000080300000| Complete 
|   4|0x0000000080400000, 0x0000000080500000, 0x0000000080500000|100%|HC|  |TAMS 0x0000000080500000, 0x0000000080400000| Complete 
|   5|0x0000000080500000, 0x0000000080600000, 0x0000000080600000|100%|HC|  |TAMS 0x0000000080600000, 0x0000000080500000| Complete 
|   6|0x0000000080600000, 0x0000000080700000, 0x0000000080700000|100%| O|  |TAMS 0x0000000080700000, 0x0000000080600000| Untracked 
|   7|0x0000000080700000, 0x0000000080800000, 0x0000000080800000|100%| O|  |TAMS 0x0000000080800000, 0x0000000080700000| Untracked 
|   8|0x0000000080800000, 0x0000000080900000, 0x0000000080900000|100%| O|  |TAMS 0x0000000080900000, 0x0000000080800000| Untracked 
|   9|0x0000000080900000, 0x0000000080a00000, 0x0000000080a00000|100%| O|  |TAMS 0x0000000080a00000, 0x0000000080900000| Untracked 
|  10|0x0000000080a00000, 0x0000000080b00000, 0x0000000080b00000|100%| O|  |TAMS 0x0000000080b00000, 0x0000000080a00000| Untracked 
|  11|0x0000000080b00000, 0x0000000080c00000, 0x0000000080c00000|100%| O|  |TAMS 0x0000000080c00000, 0x0000000080b00000| Untracked 
|  12|0x0000000080c00000, 0x0000000080d00000, 0x0000000080d00000|100%| O|  |TAMS 0x0000000080d00000, 0x0000000080c00000| Untracked 
|  13|0x0000000080d00000, 0x0000000080e00000, 0x0000000080e00000|100%| O|  |TAMS 0x0000000080e00000, 0x0000000080d00000| Untracked 
|  14|0x0000000080e00000, 0x0000000080f00000, 0x0000000080f00000|100%| O|  |TAMS 0x0000000080f00000, 0x0000000080e00000| Untracked 
|  15|0x0000000080f00000, 0x0000000081000000, 0x0000000081000000|100%| O|  |TAMS 0x0000000081000000, 0x0000000080f00000| Untracked 
|  16|0x0000000081000000, 0x0000000081100000, 0x0000000081100000|100%| O|  |TAMS 0x0000000081100000, 0x0000000081000000| Untracked 
|  17|0x0000000081100000, 0x0000000081200000, 0x0000000081200000|100%|HS|  |TAMS 0x0000000081200000, 0x0000000081100000| Complete 
|  18|0x0000000081200000, 0x0000000081300000, 0x0000000081300000|100%|HC|  |TAMS 0x0000000081300000, 0x0000000081200000| Complete 
|  19|0x0000000081300000, 0x0000000081400000, 0x0000000081400000|100%|HS|  |TAMS 0x0000000081400000, 0x0000000081300000| Complete 
|  20|0x0000000081400000, 0x0000000081500000, 0x0000000081500000|100%|HC|  |TAMS 0x0000000081500000, 0x0000000081400000| Complete 
|  21|0x0000000081500000, 0x0000000081600000, 0x0000000081600000|100%|HC|  |TAMS 0x0000000081600000, 0x0000000081500000| Complete 
|  22|0x0000000081600000, 0x0000000081700000, 0x0000000081700000|100%|HS|  |TAMS 0x0000000081700000, 0x0000000081600000| Complete 
|  23|0x0000000081700000, 0x0000000081800000, 0x0000000081800000|100%|HC|  |TAMS 0x0000000081800000, 0x0000000081700000| Complete 
|  24|0x0000000081800000, 0x0000000081900000, 0x0000000081900000|100%|HC|  |TAMS 0x0000000081900000, 0x0000000081800000| Complete 
|  25|0x0000000081900000, 0x0000000081a00000, 0x0000000081a00000|100%|HS|  |TAMS 0x0000000081a00000, 0x0000000081900000| Complete 
|  26|0x0000000081a00000, 0x0000000081b00000, 0x0000000081b00000|100%|HC|  |TAMS 0x0000000081b00000, 0x0000000081a00000| Complete 
|  27|0x0000000081b00000, 0x0000000081c00000, 0x0000000081c00000|100%|HC|  |TAMS 0x0000000081c00000, 0x0000000081b00000| Complete 
|  28|0x0000000081c00000, 0x0000000081d00000, 0x0000000081d00000|100%|HC|  |TAMS 0x0000000081d00000, 0x0000000081c00000| Complete 
|  29|0x0000000081d00000, 0x0000000081e00000, 0x0000000081e00000|100%|HS|  |TAMS 0x0000000081e00000, 0x0000000081d00000| Complete 
|  30|0x0000000081e00000, 0x0000000081f00000, 0x0000000081f00000|100%|HC|  |TAMS 0x0000000081f00000, 0x0000000081e00000| Complete 
|  31|0x0000000081f00000, 0x0000000082000000, 0x0000000082000000|100%|HC|  |TAMS 0x0000000082000000, 0x0000000081f00000| Complete 
|  32|0x0000000082000000, 0x0000000082100000, 0x0000000082100000|100%|HC|  |TAMS 0x0000000082100000, 0x0000000082000000| Complete 
|  33|0x0000000082100000, 0x0000000082200000, 0x0000000082200000|100%|HC|  |TAMS 0x0000000082200000, 0x0000000082100000| Complete 
|  34|0x0000000082200000, 0x0000000082300000, 0x0000000082300000|100%|HS|  |TAMS 0x0000000082300000, 0x0000000082200000| Complete 
|  35|0x0000000082300000, 0x0000000082400000, 0x0000000082400000|100%|HS|  |TAMS 0x0000000082400000, 0x0000000082300000| Complete 
|  36|0x0000000082400000, 0x0000000082500000, 0x0000000082500000|100%| O|  |TAMS 0x0000000082400000, 0x0000000082400000| Untracked 
|  37|0x0000000082500000, 0x0000000082600000, 0x0000000082600000|100%| O|  |TAMS 0x0000000082500000, 0x0000000082500000| Untracked 
|  38|0x0000000082600000, 0x0000000082700000, 0x0000000082700000|100%| O|  |TAMS 0x0000000082600000, 0x0000000082600000| Untracked 
|  39|0x0000000082700000, 0x0000000082800000, 0x0000000082800000|100%| O|  |TAMS 0x0000000082800000, 0x0000000082700000| Untracked 
|  40|0x0000000082800000, 0x0000000082900000, 0x0000000082900000|100%| O|  |TAMS 0x0000000082900000, 0x0000000082800000| Untracked 
|  41|0x0000000082900000, 0x0000000082a00000, 0x0000000082a00000|100%| O|  |TAMS 0x0000000082a00000, 0x0000000082900000| Untracked 
|  42|0x0000000082a00000, 0x0000000082b00000, 0x0000000082b00000|100%| O|  |TAMS 0x0000000082b00000, 0x0000000082a00000| Untracked 
|  43|0x0000000082b00000, 0x0000000082c00000, 0x0000000082c00000|100%| O|  |TAMS 0x0000000082c00000, 0x0000000082b00000| Untracked 
|  44|0x0000000082c00000, 0x0000000082d00000, 0x0000000082d00000|100%| O|  |TAMS 0x0000000082d00000, 0x0000000082c00000| Untracked 
|  45|0x0000000082d00000, 0x0000000082e00000, 0x0000000082e00000|100%| O|  |TAMS 0x0000000082d29000, 0x0000000082d00000| Untracked 
|  46|0x0000000082e00000, 0x0000000082f00000, 0x0000000082f00000|100%| O|  |TAMS 0x0000000082e00000, 0x0000000082e00000| Untracked 
|  47|0x0000000082f00000, 0x0000000083000000, 0x0000000083000000|100%| O|  |TAMS 0x0000000082f00000, 0x0000000082f00000| Untracked 
|  48|0x0000000083000000, 0x0000000083100000, 0x0000000083100000|100%| O|  |TAMS 0x0000000083000000, 0x0000000083000000| Untracked 
|  49|0x0000000083100000, 0x0000000083200000, 0x0000000083200000|100%| O|  |TAMS 0x0000000083100000, 0x0000000083100000| Untracked 
|  50|0x0000000083200000, 0x0000000083300000, 0x0000000083300000|100%| O|  |TAMS 0x0000000083200000, 0x0000000083200000| Untracked 
|  51|0x0000000083300000, 0x0000000083400000, 0x0000000083400000|100%|HS|  |TAMS 0x0000000083300000, 0x0000000083300000| Complete 
|  52|0x0000000083400000, 0x0000000083500000, 0x0000000083500000|100%|HC|  |TAMS 0x0000000083400000, 0x0000000083400000| Complete 
|  53|0x0000000083500000, 0x0000000083600000, 0x0000000083600000|100%|HC|  |TAMS 0x0000000083500000, 0x0000000083500000| Complete 
|  54|0x0000000083600000, 0x0000000083700000, 0x0000000083700000|100%|HC|  |TAMS 0x0000000083600000, 0x0000000083600000| Complete 
|  55|0x0000000083700000, 0x0000000083800000, 0x0000000083800000|100%|HC|  |TAMS 0x0000000083700000, 0x0000000083700000| Complete 
|  56|0x0000000083800000, 0x0000000083900000, 0x0000000083900000|100%| O|  |TAMS 0x0000000083800000, 0x0000000083800000| Untracked 
|  57|0x0000000083900000, 0x0000000083a00000, 0x0000000083a00000|100%| O|  |TAMS 0x0000000083900000, 0x0000000083900000| Untracked 
|  58|0x0000000083a00000, 0x0000000083b00000, 0x0000000083b00000|100%| O|  |TAMS 0x0000000083a00000, 0x0000000083a00000| Untracked 
|  59|0x0000000083b00000, 0x0000000083c00000, 0x0000000083c00000|100%| O|  |TAMS 0x0000000083b00000, 0x0000000083b00000| Untracked 
|  60|0x0000000083c00000, 0x0000000083d00000, 0x0000000083d00000|100%| O|  |TAMS 0x0000000083c00000, 0x0000000083c00000| Untracked 
|  61|0x0000000083d00000, 0x0000000083e00000, 0x0000000083e00000|100%| O|  |TAMS 0x0000000083d00000, 0x0000000083d00000| Untracked 
|  62|0x0000000083e00000, 0x0000000083f00000, 0x0000000083f00000|100%|HS|  |TAMS 0x0000000083e00000, 0x0000000083e00000| Complete 
|  63|0x0000000083f00000, 0x0000000084000000, 0x0000000084000000|100%|HC|  |TAMS 0x0000000083f00000, 0x0000000083f00000| Complete 
|  64|0x0000000084000000, 0x0000000084100000, 0x0000000084100000|100%|HC|  |TAMS 0x0000000084000000, 0x0000000084000000| Complete 
|  65|0x0000000084100000, 0x0000000084200000, 0x0000000084200000|100%|HC|  |TAMS 0x0000000084100000, 0x0000000084100000| Complete 
|  66|0x0000000084200000, 0x0000000084300000, 0x0000000084300000|100%|HS|  |TAMS 0x0000000084200000, 0x0000000084200000| Complete 
|  67|0x0000000084300000, 0x0000000084400000, 0x0000000084400000|100%|HC|  |TAMS 0x0000000084300000, 0x0000000084300000| Complete 
|  68|0x0000000084400000, 0x0000000084500000, 0x0000000084500000|100%|HC|  |TAMS 0x0000000084400000, 0x0000000084400000| Complete 
|  69|0x0000000084500000, 0x0000000084600000, 0x0000000084600000|100%| O|  |TAMS 0x0000000084500000, 0x0000000084500000| Untracked 
|  70|0x0000000084600000, 0x0000000084700000, 0x0000000084700000|100%| O|  |TAMS 0x0000000084600000, 0x0000000084600000| Untracked 
|  71|0x0000000084700000, 0x0000000084800000, 0x0000000084800000|100%| O|  |TAMS 0x0000000084700000, 0x0000000084700000| Untracked 
|  72|0x0000000084800000, 0x0000000084900000, 0x0000000084900000|100%| O|  |TAMS 0x0000000084800000, 0x0000000084800000| Untracked 
|  73|0x0000000084900000, 0x0000000084900000, 0x0000000084a00000|  0%| F|  |TAMS 0x0000000084900000, 0x0000000084900000| Untracked 
|  74|0x0000000084a00000, 0x0000000084b00000, 0x0000000084b00000|100%|HS|  |TAMS 0x0000000084a00000, 0x0000000084a00000| Complete 
|  75|0x0000000084b00000, 0x0000000084c00000, 0x0000000084c00000|100%|HC|  |TAMS 0x0000000084b00000, 0x0000000084b00000| Complete 
|  76|0x0000000084c00000, 0x0000000084d00000, 0x0000000084d00000|100%|HC|  |TAMS 0x0000000084c00000, 0x0000000084c00000| Complete 
|  77|0x0000000084d00000, 0x0000000084e00000, 0x0000000084e00000|100%| O|  |TAMS 0x0000000084d00000, 0x0000000084d00000| Untracked 
|  78|0x0000000084e00000, 0x0000000084f00000, 0x0000000084f00000|100%| O|  |TAMS 0x0000000084e00000, 0x0000000084e00000| Untracked 
|  79|0x0000000084f00000, 0x0000000085000000, 0x0000000085000000|100%| O|  |TAMS 0x0000000084f00000, 0x0000000084f00000| Untracked 
|  80|0x0000000085000000, 0x0000000085100000, 0x0000000085100000|100%| O|  |TAMS 0x0000000085000000, 0x0000000085000000| Untracked 
|  81|0x0000000085100000, 0x0000000085200000, 0x0000000085200000|100%| O|  |TAMS 0x0000000085100000, 0x0000000085100000| Untracked 
|  82|0x0000000085200000, 0x0000000085300000, 0x0000000085300000|100%| O|  |TAMS 0x0000000085200000, 0x0000000085200000| Untracked 
|  83|0x0000000085300000, 0x0000000085400000, 0x0000000085400000|100%| O|  |TAMS 0x0000000085300000, 0x0000000085300000| Untracked 
|  84|0x0000000085400000, 0x0000000085500000, 0x0000000085500000|100%| O|  |TAMS 0x0000000085400000, 0x0000000085400000| Untracked 
|  85|0x0000000085500000, 0x0000000085600000, 0x0000000085600000|100%| O|  |TAMS 0x0000000085500000, 0x0000000085500000| Untracked 
|  86|0x0000000085600000, 0x0000000085700000, 0x0000000085700000|100%| O|  |TAMS 0x0000000085600000, 0x0000000085600000| Untracked 
|  87|0x0000000085700000, 0x0000000085700000, 0x0000000085800000|  0%| F|  |TAMS 0x0000000085700000, 0x0000000085700000| Untracked 
|  88|0x0000000085800000, 0x0000000085800000, 0x0000000085900000|  0%| F|  |TAMS 0x0000000085800000, 0x0000000085800000| Untracked 
|  89|0x0000000085900000, 0x0000000085900000, 0x0000000085a00000|  0%| F|  |TAMS 0x0000000085900000, 0x0000000085900000| Untracked 
|  90|0x0000000085a00000, 0x0000000085a00000, 0x0000000085b00000|  0%| F|  |TAMS 0x0000000085a00000, 0x0000000085a00000| Untracked 
|  91|0x0000000085b00000, 0x0000000085b00000, 0x0000000085c00000|  0%| F|  |TAMS 0x0000000085b00000, 0x0000000085b00000| Untracked 
|  92|0x0000000085c00000, 0x0000000085c96400, 0x0000000085d00000| 58%| O|  |TAMS 0x0000000085c00000, 0x0000000085c00000| Untracked 
|  93|0x0000000085d00000, 0x0000000085d00000, 0x0000000085e00000|  0%| F|  |TAMS 0x0000000085d00000, 0x0000000085d00000| Untracked 
|  94|0x0000000085e00000, 0x0000000085e00000, 0x0000000085f00000|  0%| F|  |TAMS 0x0000000085e00000, 0x0000000085e00000| Untracked 
|  95|0x0000000085f00000, 0x0000000085f00000, 0x0000000086000000|  0%| F|  |TAMS 0x0000000085f00000, 0x0000000085f00000| Untracked 
|  96|0x0000000086000000, 0x0000000086000000, 0x0000000086100000|  0%| F|  |TAMS 0x0000000086000000, 0x0000000086000000| Untracked 
|  97|0x0000000086100000, 0x0000000086100000, 0x0000000086200000|  0%| F|  |TAMS 0x0000000086100000, 0x0000000086100000| Untracked 
|  98|0x0000000086200000, 0x0000000086200000, 0x0000000086300000|  0%| F|  |TAMS 0x0000000086200000, 0x0000000086200000| Untracked 
|  99|0x0000000086300000, 0x0000000086300000, 0x0000000086400000|  0%| F|  |TAMS 0x0000000086300000, 0x0000000086300000| Untracked 
| 100|0x0000000086400000, 0x0000000086400000, 0x0000000086500000|  0%| F|  |TAMS 0x0000000086400000, 0x0000000086400000| Untracked 
| 101|0x0000000086500000, 0x0000000086500000, 0x0000000086600000|  0%| F|  |TAMS 0x0000000086500000, 0x0000000086500000| Untracked 
| 102|0x0000000086600000, 0x0000000086600000, 0x0000000086700000|  0%| F|  |TAMS 0x0000000086600000, 0x0000000086600000| Untracked 
| 103|0x0000000086700000, 0x0000000086700000, 0x0000000086800000|  0%| F|  |TAMS 0x0000000086700000, 0x0000000086700000| Untracked 
| 104|0x0000000086800000, 0x0000000086800000, 0x0000000086900000|  0%| F|  |TAMS 0x0000000086800000, 0x0000000086800000| Untracked 
| 105|0x0000000086900000, 0x0000000086900000, 0x0000000086a00000|  0%| F|  |TAMS 0x0000000086900000, 0x0000000086900000| Untracked 
| 106|0x0000000086a00000, 0x0000000086a00000, 0x0000000086b00000|  0%| F|  |TAMS 0x0000000086a00000, 0x0000000086a00000| Untracked 
| 107|0x0000000086b00000, 0x0000000086b00000, 0x0000000086c00000|  0%| F|  |TAMS 0x0000000086b00000, 0x0000000086b00000| Untracked 
| 108|0x0000000086c00000, 0x0000000086c00000, 0x0000000086d00000|  0%| F|  |TAMS 0x0000000086c00000, 0x0000000086c00000| Untracked 
| 109|0x0000000086d00000, 0x0000000086d00000, 0x0000000086e00000|  0%| F|  |TAMS 0x0000000086d00000, 0x0000000086d00000| Untracked 
| 110|0x0000000086e00000, 0x0000000086e00000, 0x0000000086f00000|  0%| F|  |TAMS 0x0000000086e00000, 0x0000000086e00000| Untracked 
| 111|0x0000000086f00000, 0x0000000086f00000, 0x0000000087000000|  0%| F|  |TAMS 0x0000000086f00000, 0x0000000086f00000| Untracked 
| 112|0x0000000087000000, 0x0000000087000000, 0x0000000087100000|  0%| F|  |TAMS 0x0000000087000000, 0x0000000087000000| Untracked 
| 113|0x0000000087100000, 0x0000000087100000, 0x0000000087200000|  0%| F|  |TAMS 0x0000000087100000, 0x0000000087100000| Untracked 
| 114|0x0000000087200000, 0x0000000087200000, 0x0000000087300000|  0%| F|  |TAMS 0x0000000087200000, 0x0000000087200000| Untracked 
| 115|0x0000000087300000, 0x0000000087300000, 0x0000000087400000|  0%| F|  |TAMS 0x0000000087300000, 0x0000000087300000| Untracked 
| 116|0x0000000087400000, 0x0000000087400000, 0x0000000087500000|  0%| F|  |TAMS 0x0000000087400000, 0x0000000087400000| Untracked 
| 117|0x0000000087500000, 0x0000000087500000, 0x0000000087600000|  0%| F|  |TAMS 0x0000000087500000, 0x0000000087500000| Untracked 
| 118|0x0000000087600000, 0x0000000087600000, 0x0000000087700000|  0%| F|  |TAMS 0x0000000087600000, 0x0000000087600000| Untracked 
| 119|0x0000000087700000, 0x0000000087800000, 0x0000000087800000|100%| S|CS|TAMS 0x0000000087700000, 0x0000000087700000| Complete 
| 120|0x0000000087800000, 0x0000000087900000, 0x0000000087900000|100%| S|CS|TAMS 0x0000000087800000, 0x0000000087800000| Complete 
| 121|0x0000000087900000, 0x0000000087a00000, 0x0000000087a00000|100%| S|CS|TAMS 0x0000000087900000, 0x0000000087900000| Complete 
| 122|0x0000000087a00000, 0x0000000087b00000, 0x0000000087b00000|100%| S|CS|TAMS 0x0000000087a00000, 0x0000000087a00000| Complete 
| 123|0x0000000087b00000, 0x0000000087c00000, 0x0000000087c00000|100%| S|CS|TAMS 0x0000000087b00000, 0x0000000087b00000| Complete 
| 124|0x0000000087c00000, 0x0000000087d00000, 0x0000000087d00000|100%| S|CS|TAMS 0x0000000087c00000, 0x0000000087c00000| Complete 
| 125|0x0000000087d00000, 0x0000000087e00000, 0x0000000087e00000|100%| S|CS|TAMS 0x0000000087d00000, 0x0000000087d00000| Complete 
| 126|0x0000000087e00000, 0x0000000087f00000, 0x0000000087f00000|100%| S|CS|TAMS 0x0000000087e00000, 0x0000000087e00000| Complete 
| 127|0x0000000087f00000, 0x0000000088000000, 0x0000000088000000|100%| S|CS|TAMS 0x0000000087f00000, 0x0000000087f00000| Complete 
| 128|0x0000000088000000, 0x0000000088100000, 0x0000000088100000|100%| S|CS|TAMS 0x0000000088000000, 0x0000000088000000| Complete 
| 129|0x0000000088100000, 0x0000000088200000, 0x0000000088200000|100%| S|CS|TAMS 0x0000000088100000, 0x0000000088100000| Complete 
| 130|0x0000000088200000, 0x0000000088200000, 0x0000000088300000|  0%| F|  |TAMS 0x0000000088200000, 0x0000000088200000| Untracked 
| 131|0x0000000088300000, 0x0000000088300000, 0x0000000088400000|  0%| F|  |TAMS 0x0000000088300000, 0x0000000088300000| Untracked 
| 132|0x0000000088400000, 0x0000000088400000, 0x0000000088500000|  0%| F|  |TAMS 0x0000000088400000, 0x0000000088400000| Untracked 
| 133|0x0000000088500000, 0x0000000088500000, 0x0000000088600000|  0%| F|  |TAMS 0x0000000088500000, 0x0000000088500000| Untracked 
| 134|0x0000000088600000, 0x0000000088600000, 0x0000000088700000|  0%| F|  |TAMS 0x0000000088600000, 0x0000000088600000| Untracked 
| 135|0x0000000088700000, 0x0000000088700000, 0x0000000088800000|  0%| F|  |TAMS 0x0000000088700000, 0x0000000088700000| Untracked 
| 136|0x0000000088800000, 0x0000000088800000, 0x0000000088900000|  0%| F|  |TAMS 0x0000000088800000, 0x0000000088800000| Untracked 
| 137|0x0000000088900000, 0x0000000088900000, 0x0000000088a00000|  0%| F|  |TAMS 0x0000000088900000, 0x0000000088900000| Untracked 
| 138|0x0000000088a00000, 0x0000000088a00000, 0x0000000088b00000|  0%| F|  |TAMS 0x0000000088a00000, 0x0000000088a00000| Untracked 
| 139|0x0000000088b00000, 0x0000000088b00000, 0x0000000088c00000|  0%| F|  |TAMS 0x0000000088b00000, 0x0000000088b00000| Untracked 
| 140|0x0000000088c00000, 0x0000000088c00000, 0x0000000088d00000|  0%| F|  |TAMS 0x0000000088c00000, 0x0000000088c00000| Untracked 
| 141|0x0000000088d00000, 0x0000000088d00000, 0x0000000088e00000|  0%| F|  |TAMS 0x0000000088d00000, 0x0000000088d00000| Untracked 
| 142|0x0000000088e00000, 0x0000000088e00000, 0x0000000088f00000|  0%| F|  |TAMS 0x0000000088e00000, 0x0000000088e00000| Untracked 
| 143|0x0000000088f00000, 0x0000000089000000, 0x0000000089000000|100%| S|CS|TAMS 0x0000000088f00000, 0x0000000088f00000| Complete 
| 144|0x0000000089000000, 0x0000000089100000, 0x0000000089100000|100%| S|CS|TAMS 0x0000000089000000, 0x0000000089000000| Complete 
| 145|0x0000000089100000, 0x0000000089200000, 0x0000000089200000|100%| S|CS|TAMS 0x0000000089100000, 0x0000000089100000| Complete 
| 146|0x0000000089200000, 0x0000000089200000, 0x0000000089300000|  0%| F|  |TAMS 0x0000000089200000, 0x0000000089200000| Untracked 
| 147|0x0000000089300000, 0x0000000089300000, 0x0000000089400000|  0%| F|  |TAMS 0x0000000089300000, 0x0000000089300000| Untracked 
| 148|0x0000000089400000, 0x0000000089400000, 0x0000000089500000|  0%| F|  |TAMS 0x0000000089400000, 0x0000000089400000| Untracked 
| 149|0x0000000089500000, 0x0000000089500000, 0x0000000089600000|  0%| F|  |TAMS 0x0000000089500000, 0x0000000089500000| Untracked 
| 150|0x0000000089600000, 0x0000000089600000, 0x0000000089700000|  0%| F|  |TAMS 0x0000000089600000, 0x0000000089600000| Untracked 
| 151|0x0000000089700000, 0x0000000089700000, 0x0000000089800000|  0%| F|  |TAMS 0x0000000089700000, 0x0000000089700000| Untracked 
| 152|0x0000000089800000, 0x0000000089800000, 0x0000000089900000|  0%| F|  |TAMS 0x0000000089800000, 0x0000000089800000| Untracked 
| 153|0x0000000089900000, 0x0000000089900000, 0x0000000089a00000|  0%| F|  |TAMS 0x0000000089900000, 0x0000000089900000| Untracked 
| 154|0x0000000089a00000, 0x0000000089a00000, 0x0000000089b00000|  0%| F|  |TAMS 0x0000000089a00000, 0x0000000089a00000| Untracked 
| 155|0x0000000089b00000, 0x0000000089b00000, 0x0000000089c00000|  0%| F|  |TAMS 0x0000000089b00000, 0x0000000089b00000| Untracked 
| 156|0x0000000089c00000, 0x0000000089c00000, 0x0000000089d00000|  0%| F|  |TAMS 0x0000000089c00000, 0x0000000089c00000| Untracked 
| 157|0x0000000089d00000, 0x0000000089d00000, 0x0000000089e00000|  0%| F|  |TAMS 0x0000000089d00000, 0x0000000089d00000| Untracked 
| 158|0x0000000089e00000, 0x0000000089e00000, 0x0000000089f00000|  0%| F|  |TAMS 0x0000000089e00000, 0x0000000089e00000| Untracked 
| 159|0x0000000089f00000, 0x0000000089f00000, 0x000000008a000000|  0%| F|  |TAMS 0x0000000089f00000, 0x0000000089f00000| Untracked 
| 160|0x000000008a000000, 0x000000008a000000, 0x000000008a100000|  0%| F|  |TAMS 0x000000008a000000, 0x000000008a000000| Untracked 
| 161|0x000000008a100000, 0x000000008a100000, 0x000000008a200000|  0%| F|  |TAMS 0x000000008a100000, 0x000000008a100000| Untracked 
| 162|0x000000008a200000, 0x000000008a200000, 0x000000008a300000|  0%| F|  |TAMS 0x000000008a200000, 0x000000008a200000| Untracked 
| 163|0x000000008a300000, 0x000000008a300000, 0x000000008a400000|  0%| F|  |TAMS 0x000000008a300000, 0x000000008a300000| Untracked 
| 164|0x000000008a400000, 0x000000008a400000, 0x000000008a500000|  0%| F|  |TAMS 0x000000008a400000, 0x000000008a400000| Untracked 
| 165|0x000000008a500000, 0x000000008a500000, 0x000000008a600000|  0%| F|  |TAMS 0x000000008a500000, 0x000000008a500000| Untracked 
| 166|0x000000008a600000, 0x000000008a600000, 0x000000008a700000|  0%| F|  |TAMS 0x000000008a600000, 0x000000008a600000| Untracked 
| 167|0x000000008a700000, 0x000000008a700000, 0x000000008a800000|  0%| F|  |TAMS 0x000000008a700000, 0x000000008a700000| Untracked 
| 168|0x000000008a800000, 0x000000008a800000, 0x000000008a900000|  0%| F|  |TAMS 0x000000008a800000, 0x000000008a800000| Untracked 
| 169|0x000000008a900000, 0x000000008a900000, 0x000000008aa00000|  0%| F|  |TAMS 0x000000008a900000, 0x000000008a900000| Untracked 
| 170|0x000000008aa00000, 0x000000008aa00000, 0x000000008ab00000|  0%| F|  |TAMS 0x000000008aa00000, 0x000000008aa00000| Untracked 
| 171|0x000000008ab00000, 0x000000008ab00000, 0x000000008ac00000|  0%| F|  |TAMS 0x000000008ab00000, 0x000000008ab00000| Untracked 
| 172|0x000000008ac00000, 0x000000008ac00000, 0x000000008ad00000|  0%| F|  |TAMS 0x000000008ac00000, 0x000000008ac00000| Untracked 
| 173|0x000000008ad00000, 0x000000008ad00000, 0x000000008ae00000|  0%| F|  |TAMS 0x000000008ad00000, 0x000000008ad00000| Untracked 
| 174|0x000000008ae00000, 0x000000008ae00000, 0x000000008af00000|  0%| F|  |TAMS 0x000000008ae00000, 0x000000008ae00000| Untracked 
| 175|0x000000008af00000, 0x000000008af00000, 0x000000008b000000|  0%| F|  |TAMS 0x000000008af00000, 0x000000008af00000| Untracked 
| 176|0x000000008b000000, 0x000000008b000000, 0x000000008b100000|  0%| F|  |TAMS 0x000000008b000000, 0x000000008b000000| Untracked 
| 177|0x000000008b100000, 0x000000008b100000, 0x000000008b200000|  0%| F|  |TAMS 0x000000008b100000, 0x000000008b100000| Untracked 
| 178|0x000000008b200000, 0x000000008b200000, 0x000000008b300000|  0%| F|  |TAMS 0x000000008b200000, 0x000000008b200000| Untracked 
| 179|0x000000008b300000, 0x000000008b300000, 0x000000008b400000|  0%| F|  |TAMS 0x000000008b300000, 0x000000008b300000| Untracked 
| 180|0x000000008b400000, 0x000000008b400000, 0x000000008b500000|  0%| F|  |TAMS 0x000000008b400000, 0x000000008b400000| Untracked 
| 181|0x000000008b500000, 0x000000008b500000, 0x000000008b600000|  0%| F|  |TAMS 0x000000008b500000, 0x000000008b500000| Untracked 
| 182|0x000000008b600000, 0x000000008b600000, 0x000000008b700000|  0%| F|  |TAMS 0x000000008b600000, 0x000000008b600000| Untracked 
| 183|0x000000008b700000, 0x000000008b700000, 0x000000008b800000|  0%| F|  |TAMS 0x000000008b700000, 0x000000008b700000| Untracked 
| 184|0x000000008b800000, 0x000000008b800000, 0x000000008b900000|  0%| F|  |TAMS 0x000000008b800000, 0x000000008b800000| Untracked 
| 185|0x000000008b900000, 0x000000008b900000, 0x000000008ba00000|  0%| F|  |TAMS 0x000000008b900000, 0x000000008b900000| Untracked 
| 186|0x000000008ba00000, 0x000000008ba00000, 0x000000008bb00000|  0%| F|  |TAMS 0x000000008ba00000, 0x000000008ba00000| Untracked 
| 187|0x000000008bb00000, 0x000000008bb00000, 0x000000008bc00000|  0%| F|  |TAMS 0x000000008bb00000, 0x000000008bb00000| Untracked 
| 188|0x000000008bc00000, 0x000000008bc00000, 0x000000008bd00000|  0%| F|  |TAMS 0x000000008bc00000, 0x000000008bc00000| Untracked 
| 189|0x000000008bd00000, 0x000000008bd00000, 0x000000008be00000|  0%| F|  |TAMS 0x000000008bd00000, 0x000000008bd00000| Untracked 
| 190|0x000000008be00000, 0x000000008be00000, 0x000000008bf00000|  0%| F|  |TAMS 0x000000008be00000, 0x000000008be00000| Untracked 
| 191|0x000000008bf00000, 0x000000008bf00000, 0x000000008c000000|  0%| F|  |TAMS 0x000000008bf00000, 0x000000008bf00000| Untracked 
| 192|0x000000008c000000, 0x000000008c000000, 0x000000008c100000|  0%| F|  |TAMS 0x000000008c000000, 0x000000008c000000| Untracked 
| 193|0x000000008c100000, 0x000000008c100000, 0x000000008c200000|  0%| F|  |TAMS 0x000000008c100000, 0x000000008c100000| Untracked 
| 194|0x000000008c200000, 0x000000008c200000, 0x000000008c300000|  0%| F|  |TAMS 0x000000008c200000, 0x000000008c200000| Untracked 
| 195|0x000000008c300000, 0x000000008c300000, 0x000000008c400000|  0%| F|  |TAMS 0x000000008c300000, 0x000000008c300000| Untracked 
| 196|0x000000008c400000, 0x000000008c400000, 0x000000008c500000|  0%| F|  |TAMS 0x000000008c400000, 0x000000008c400000| Untracked 
| 197|0x000000008c500000, 0x000000008c500000, 0x000000008c600000|  0%| F|  |TAMS 0x000000008c500000, 0x000000008c500000| Untracked 
| 198|0x000000008c600000, 0x000000008c600000, 0x000000008c700000|  0%| F|  |TAMS 0x000000008c600000, 0x000000008c600000| Untracked 
| 199|0x000000008c700000, 0x000000008c700000, 0x000000008c800000|  0%| F|  |TAMS 0x000000008c700000, 0x000000008c700000| Untracked 
| 200|0x000000008c800000, 0x000000008c800000, 0x000000008c900000|  0%| F|  |TAMS 0x000000008c800000, 0x000000008c800000| Untracked 
| 201|0x000000008c900000, 0x000000008c900000, 0x000000008ca00000|  0%| F|  |TAMS 0x000000008c900000, 0x000000008c900000| Untracked 
| 202|0x000000008ca00000, 0x000000008ca00000, 0x000000008cb00000|  0%| F|  |TAMS 0x000000008ca00000, 0x000000008ca00000| Untracked 
| 203|0x000000008cb00000, 0x000000008cb00000, 0x000000008cc00000|  0%| F|  |TAMS 0x000000008cb00000, 0x000000008cb00000| Untracked 
| 204|0x000000008cc00000, 0x000000008cc00000, 0x000000008cd00000|  0%| F|  |TAMS 0x000000008cc00000, 0x000000008cc00000| Untracked 
| 205|0x000000008cd00000, 0x000000008cd00000, 0x000000008ce00000|  0%| F|  |TAMS 0x000000008cd00000, 0x000000008cd00000| Untracked 
| 206|0x000000008ce00000, 0x000000008ce00000, 0x000000008cf00000|  0%| F|  |TAMS 0x000000008ce00000, 0x000000008ce00000| Untracked 
| 207|0x000000008cf00000, 0x000000008cf00000, 0x000000008d000000|  0%| F|  |TAMS 0x000000008cf00000, 0x000000008cf00000| Untracked 
| 208|0x000000008d000000, 0x000000008d000000, 0x000000008d100000|  0%| F|  |TAMS 0x000000008d000000, 0x000000008d000000| Untracked 
| 209|0x000000008d100000, 0x000000008d100000, 0x000000008d200000|  0%| F|  |TAMS 0x000000008d100000, 0x000000008d100000| Untracked 
| 210|0x000000008d200000, 0x000000008d200000, 0x000000008d300000|  0%| F|  |TAMS 0x000000008d200000, 0x000000008d200000| Untracked 
| 211|0x000000008d300000, 0x000000008d300000, 0x000000008d400000|  0%| F|  |TAMS 0x000000008d300000, 0x000000008d300000| Untracked 
| 212|0x000000008d400000, 0x000000008d400000, 0x000000008d500000|  0%| F|  |TAMS 0x000000008d400000, 0x000000008d400000| Untracked 
| 213|0x000000008d500000, 0x000000008d500000, 0x000000008d600000|  0%| F|  |TAMS 0x000000008d500000, 0x000000008d500000| Untracked 
| 214|0x000000008d600000, 0x000000008d600000, 0x000000008d700000|  0%| F|  |TAMS 0x000000008d600000, 0x000000008d600000| Untracked 
| 215|0x000000008d700000, 0x000000008d700000, 0x000000008d800000|  0%| F|  |TAMS 0x000000008d700000, 0x000000008d700000| Untracked 
| 216|0x000000008d800000, 0x000000008d800000, 0x000000008d900000|  0%| F|  |TAMS 0x000000008d800000, 0x000000008d800000| Untracked 
| 217|0x000000008d900000, 0x000000008d900000, 0x000000008da00000|  0%| F|  |TAMS 0x000000008d900000, 0x000000008d900000| Untracked 
| 218|0x000000008da00000, 0x000000008da00000, 0x000000008db00000|  0%| F|  |TAMS 0x000000008da00000, 0x000000008da00000| Untracked 
| 219|0x000000008db00000, 0x000000008db00000, 0x000000008dc00000|  0%| F|  |TAMS 0x000000008db00000, 0x000000008db00000| Untracked 
| 220|0x000000008dc00000, 0x000000008dc00000, 0x000000008dd00000|  0%| F|  |TAMS 0x000000008dc00000, 0x000000008dc00000| Untracked 
| 221|0x000000008dd00000, 0x000000008dd00000, 0x000000008de00000|  0%| F|  |TAMS 0x000000008dd00000, 0x000000008dd00000| Untracked 
| 222|0x000000008de00000, 0x000000008de00000, 0x000000008df00000|  0%| F|  |TAMS 0x000000008de00000, 0x000000008de00000| Untracked 
| 223|0x000000008df00000, 0x000000008df00000, 0x000000008e000000|  0%| F|  |TAMS 0x000000008df00000, 0x000000008df00000| Untracked 
| 224|0x000000008e000000, 0x000000008e000000, 0x000000008e100000|  0%| F|  |TAMS 0x000000008e000000, 0x000000008e000000| Untracked 
| 225|0x000000008e100000, 0x000000008e100000, 0x000000008e200000|  0%| F|  |TAMS 0x000000008e100000, 0x000000008e100000| Untracked 
| 226|0x000000008e200000, 0x000000008e200000, 0x000000008e300000|  0%| F|  |TAMS 0x000000008e200000, 0x000000008e200000| Untracked 
| 227|0x000000008e300000, 0x000000008e300000, 0x000000008e400000|  0%| F|  |TAMS 0x000000008e300000, 0x000000008e300000| Untracked 
| 228|0x000000008e400000, 0x000000008e400000, 0x000000008e500000|  0%| F|  |TAMS 0x000000008e400000, 0x000000008e400000| Untracked 
| 229|0x000000008e500000, 0x000000008e500000, 0x000000008e600000|  0%| F|  |TAMS 0x000000008e500000, 0x000000008e500000| Untracked 
| 230|0x000000008e600000, 0x000000008e600000, 0x000000008e700000|  0%| F|  |TAMS 0x000000008e600000, 0x000000008e600000| Untracked 
| 231|0x000000008e700000, 0x000000008e700000, 0x000000008e800000|  0%| F|  |TAMS 0x000000008e700000, 0x000000008e700000| Untracked 
| 232|0x000000008e800000, 0x000000008e800000, 0x000000008e900000|  0%| F|  |TAMS 0x000000008e800000, 0x000000008e800000| Untracked 
| 233|0x000000008e900000, 0x000000008e900000, 0x000000008ea00000|  0%| F|  |TAMS 0x000000008e900000, 0x000000008e900000| Untracked 
| 234|0x000000008ea00000, 0x000000008ea00000, 0x000000008eb00000|  0%| F|  |TAMS 0x000000008ea00000, 0x000000008ea00000| Untracked 
| 235|0x000000008eb00000, 0x000000008eb00000, 0x000000008ec00000|  0%| F|  |TAMS 0x000000008eb00000, 0x000000008eb00000| Untracked 
| 236|0x000000008ec00000, 0x000000008ec00000, 0x000000008ed00000|  0%| F|  |TAMS 0x000000008ec00000, 0x000000008ec00000| Untracked 
| 237|0x000000008ed00000, 0x000000008ed00000, 0x000000008ee00000|  0%| F|  |TAMS 0x000000008ed00000, 0x000000008ed00000| Untracked 
| 238|0x000000008ee00000, 0x000000008ee00000, 0x000000008ef00000|  0%| F|  |TAMS 0x000000008ee00000, 0x000000008ee00000| Untracked 
| 239|0x000000008ef00000, 0x000000008ef00000, 0x000000008f000000|  0%| F|  |TAMS 0x000000008ef00000, 0x000000008ef00000| Untracked 
| 240|0x000000008f000000, 0x000000008f000000, 0x000000008f100000|  0%| F|  |TAMS 0x000000008f000000, 0x000000008f000000| Untracked 
| 241|0x000000008f100000, 0x000000008f100000, 0x000000008f200000|  0%| F|  |TAMS 0x000000008f100000, 0x000000008f100000| Untracked 
| 242|0x000000008f200000, 0x000000008f200000, 0x000000008f300000|  0%| F|  |TAMS 0x000000008f200000, 0x000000008f200000| Untracked 
| 243|0x000000008f300000, 0x000000008f300000, 0x000000008f400000|  0%| F|  |TAMS 0x000000008f300000, 0x000000008f300000| Untracked 
| 244|0x000000008f400000, 0x000000008f400000, 0x000000008f500000|  0%| F|  |TAMS 0x000000008f400000, 0x000000008f400000| Untracked 
| 245|0x000000008f500000, 0x000000008f500000, 0x000000008f600000|  0%| F|  |TAMS 0x000000008f500000, 0x000000008f500000| Untracked 
| 246|0x000000008f600000, 0x000000008f600000, 0x000000008f700000|  0%| F|  |TAMS 0x000000008f600000, 0x000000008f600000| Untracked 
| 247|0x000000008f700000, 0x000000008f700000, 0x000000008f800000|  0%| F|  |TAMS 0x000000008f700000, 0x000000008f700000| Untracked 
| 248|0x000000008f800000, 0x000000008f800000, 0x000000008f900000|  0%| F|  |TAMS 0x000000008f800000, 0x000000008f800000| Untracked 
| 249|0x000000008f900000, 0x000000008f900000, 0x000000008fa00000|  0%| F|  |TAMS 0x000000008f900000, 0x000000008f900000| Untracked 
| 250|0x000000008fa00000, 0x000000008fa00000, 0x000000008fb00000|  0%| F|  |TAMS 0x000000008fa00000, 0x000000008fa00000| Untracked 
| 251|0x000000008fb00000, 0x000000008fb00000, 0x000000008fc00000|  0%| F|  |TAMS 0x000000008fb00000, 0x000000008fb00000| Untracked 
| 252|0x000000008fc00000, 0x000000008fc00000, 0x000000008fd00000|  0%| F|  |TAMS 0x000000008fc00000, 0x000000008fc00000| Untracked 
| 253|0x000000008fd00000, 0x000000008fd00000, 0x000000008fe00000|  0%| F|  |TAMS 0x000000008fd00000, 0x000000008fd00000| Untracked 
| 254|0x000000008fe00000, 0x000000008fe00000, 0x000000008ff00000|  0%| F|  |TAMS 0x000000008fe00000, 0x000000008fe00000| Untracked 
| 255|0x000000008ff00000, 0x000000008ff00000, 0x0000000090000000|  0%| F|  |TAMS 0x000000008ff00000, 0x000000008ff00000| Untracked 
| 256|0x0000000090000000, 0x0000000090000000, 0x0000000090100000|  0%| F|  |TAMS 0x0000000090000000, 0x0000000090000000| Untracked 
| 257|0x0000000090100000, 0x0000000090100000, 0x0000000090200000|  0%| F|  |TAMS 0x0000000090100000, 0x0000000090100000| Untracked 
| 258|0x0000000090200000, 0x0000000090200000, 0x0000000090300000|  0%| F|  |TAMS 0x0000000090200000, 0x0000000090200000| Untracked 
| 259|0x0000000090300000, 0x0000000090300000, 0x0000000090400000|  0%| F|  |TAMS 0x0000000090300000, 0x0000000090300000| Untracked 
| 260|0x0000000090400000, 0x0000000090400000, 0x0000000090500000|  0%| F|  |TAMS 0x0000000090400000, 0x0000000090400000| Untracked 
| 261|0x0000000090500000, 0x0000000090500000, 0x0000000090600000|  0%| F|  |TAMS 0x0000000090500000, 0x0000000090500000| Untracked 
| 262|0x0000000090600000, 0x0000000090600000, 0x0000000090700000|  0%| F|  |TAMS 0x0000000090600000, 0x0000000090600000| Untracked 
| 263|0x0000000090700000, 0x0000000090700000, 0x0000000090800000|  0%| F|  |TAMS 0x0000000090700000, 0x0000000090700000| Untracked 
| 264|0x0000000090800000, 0x0000000090800000, 0x0000000090900000|  0%| F|  |TAMS 0x0000000090800000, 0x0000000090800000| Untracked 
| 265|0x0000000090900000, 0x0000000090900000, 0x0000000090a00000|  0%| F|  |TAMS 0x0000000090900000, 0x0000000090900000| Untracked 
| 266|0x0000000090a00000, 0x0000000090a00000, 0x0000000090b00000|  0%| F|  |TAMS 0x0000000090a00000, 0x0000000090a00000| Untracked 
| 267|0x0000000090b00000, 0x0000000090b00000, 0x0000000090c00000|  0%| F|  |TAMS 0x0000000090b00000, 0x0000000090b00000| Untracked 
| 268|0x0000000090c00000, 0x0000000090c00000, 0x0000000090d00000|  0%| F|  |TAMS 0x0000000090c00000, 0x0000000090c00000| Untracked 
| 269|0x0000000090d00000, 0x0000000090d00000, 0x0000000090e00000|  0%| F|  |TAMS 0x0000000090d00000, 0x0000000090d00000| Untracked 
| 270|0x0000000090e00000, 0x0000000090e00000, 0x0000000090f00000|  0%| F|  |TAMS 0x0000000090e00000, 0x0000000090e00000| Untracked 
| 271|0x0000000090f00000, 0x0000000090f00000, 0x0000000091000000|  0%| F|  |TAMS 0x0000000090f00000, 0x0000000090f00000| Untracked 
| 272|0x0000000091000000, 0x0000000091000000, 0x0000000091100000|  0%| F|  |TAMS 0x0000000091000000, 0x0000000091000000| Untracked 
| 273|0x0000000091100000, 0x0000000091100000, 0x0000000091200000|  0%| F|  |TAMS 0x0000000091100000, 0x0000000091100000| Untracked 
| 274|0x0000000091200000, 0x0000000091200000, 0x0000000091300000|  0%| F|  |TAMS 0x0000000091200000, 0x0000000091200000| Untracked 
| 275|0x0000000091300000, 0x0000000091300000, 0x0000000091400000|  0%| F|  |TAMS 0x0000000091300000, 0x0000000091300000| Untracked 
| 276|0x0000000091400000, 0x0000000091400000, 0x0000000091500000|  0%| F|  |TAMS 0x0000000091400000, 0x0000000091400000| Untracked 
| 277|0x0000000091500000, 0x0000000091500000, 0x0000000091600000|  0%| F|  |TAMS 0x0000000091500000, 0x0000000091500000| Untracked 
| 278|0x0000000091600000, 0x0000000091600000, 0x0000000091700000|  0%| F|  |TAMS 0x0000000091600000, 0x0000000091600000| Untracked 
| 279|0x0000000091700000, 0x0000000091700000, 0x0000000091800000|  0%| F|  |TAMS 0x0000000091700000, 0x0000000091700000| Untracked 
| 280|0x0000000091800000, 0x0000000091800000, 0x0000000091900000|  0%| F|  |TAMS 0x0000000091800000, 0x0000000091800000| Untracked 
| 281|0x0000000091900000, 0x0000000091900000, 0x0000000091a00000|  0%| F|  |TAMS 0x0000000091900000, 0x0000000091900000| Untracked 
| 282|0x0000000091a00000, 0x0000000091a00000, 0x0000000091b00000|  0%| F|  |TAMS 0x0000000091a00000, 0x0000000091a00000| Untracked 
| 283|0x0000000091b00000, 0x0000000091b00000, 0x0000000091c00000|  0%| F|  |TAMS 0x0000000091b00000, 0x0000000091b00000| Untracked 
| 284|0x0000000091c00000, 0x0000000091c00000, 0x0000000091d00000|  0%| F|  |TAMS 0x0000000091c00000, 0x0000000091c00000| Untracked 
| 285|0x0000000091d00000, 0x0000000091d00000, 0x0000000091e00000|  0%| F|  |TAMS 0x0000000091d00000, 0x0000000091d00000| Untracked 
| 286|0x0000000091e00000, 0x0000000091e00000, 0x0000000091f00000|  0%| F|  |TAMS 0x0000000091e00000, 0x0000000091e00000| Untracked 
| 287|0x0000000091f00000, 0x0000000091f00000, 0x0000000092000000|  0%| F|  |TAMS 0x0000000091f00000, 0x0000000091f00000| Untracked 
| 288|0x0000000092000000, 0x0000000092000000, 0x0000000092100000|  0%| F|  |TAMS 0x0000000092000000, 0x0000000092000000| Untracked 
| 289|0x0000000092100000, 0x0000000092100000, 0x0000000092200000|  0%| F|  |TAMS 0x0000000092100000, 0x0000000092100000| Untracked 
| 290|0x0000000092200000, 0x0000000092200000, 0x0000000092300000|  0%| F|  |TAMS 0x0000000092200000, 0x0000000092200000| Untracked 
| 291|0x0000000092300000, 0x0000000092300000, 0x0000000092400000|  0%| F|  |TAMS 0x0000000092300000, 0x0000000092300000| Untracked 
| 292|0x0000000092400000, 0x0000000092400000, 0x0000000092500000|  0%| F|  |TAMS 0x0000000092400000, 0x0000000092400000| Untracked 
| 293|0x0000000092500000, 0x0000000092500000, 0x0000000092600000|  0%| F|  |TAMS 0x0000000092500000, 0x0000000092500000| Untracked 
| 294|0x0000000092600000, 0x0000000092600000, 0x0000000092700000|  0%| F|  |TAMS 0x0000000092600000, 0x0000000092600000| Untracked 
| 295|0x0000000092700000, 0x0000000092700000, 0x0000000092800000|  0%| F|  |TAMS 0x0000000092700000, 0x0000000092700000| Untracked 
| 296|0x0000000092800000, 0x0000000092800000, 0x0000000092900000|  0%| F|  |TAMS 0x0000000092800000, 0x0000000092800000| Untracked 
| 297|0x0000000092900000, 0x0000000092900000, 0x0000000092a00000|  0%| F|  |TAMS 0x0000000092900000, 0x0000000092900000| Untracked 
| 298|0x0000000092a00000, 0x0000000092a00000, 0x0000000092b00000|  0%| F|  |TAMS 0x0000000092a00000, 0x0000000092a00000| Untracked 
| 299|0x0000000092b00000, 0x0000000092b00000, 0x0000000092c00000|  0%| F|  |TAMS 0x0000000092b00000, 0x0000000092b00000| Untracked 
| 300|0x0000000092c00000, 0x0000000092c00000, 0x0000000092d00000|  0%| F|  |TAMS 0x0000000092c00000, 0x0000000092c00000| Untracked 
| 301|0x0000000092d00000, 0x0000000092d00000, 0x0000000092e00000|  0%| F|  |TAMS 0x0000000092d00000, 0x0000000092d00000| Untracked 
| 302|0x0000000092e00000, 0x0000000092e00000, 0x0000000092f00000|  0%| F|  |TAMS 0x0000000092e00000, 0x0000000092e00000| Untracked 
| 303|0x0000000092f00000, 0x0000000092f00000, 0x0000000093000000|  0%| F|  |TAMS 0x0000000092f00000, 0x0000000092f00000| Untracked 
| 304|0x0000000093000000, 0x0000000093000000, 0x0000000093100000|  0%| F|  |TAMS 0x0000000093000000, 0x0000000093000000| Untracked 
| 305|0x0000000093100000, 0x0000000093100000, 0x0000000093200000|  0%| F|  |TAMS 0x0000000093100000, 0x0000000093100000| Untracked 
| 306|0x0000000093200000, 0x0000000093200000, 0x0000000093300000|  0%| F|  |TAMS 0x0000000093200000, 0x0000000093200000| Untracked 
| 307|0x0000000093300000, 0x0000000093300000, 0x0000000093400000|  0%| F|  |TAMS 0x0000000093300000, 0x0000000093300000| Untracked 
| 308|0x0000000093400000, 0x0000000093400000, 0x0000000093500000|  0%| F|  |TAMS 0x0000000093400000, 0x0000000093400000| Untracked 
| 309|0x0000000093500000, 0x0000000093500000, 0x0000000093600000|  0%| F|  |TAMS 0x0000000093500000, 0x0000000093500000| Untracked 
| 310|0x0000000093600000, 0x0000000093600000, 0x0000000093700000|  0%| F|  |TAMS 0x0000000093600000, 0x0000000093600000| Untracked 
| 311|0x0000000093700000, 0x0000000093700000, 0x0000000093800000|  0%| F|  |TAMS 0x0000000093700000, 0x0000000093700000| Untracked 
| 312|0x0000000093800000, 0x0000000093800000, 0x0000000093900000|  0%| F|  |TAMS 0x0000000093800000, 0x0000000093800000| Untracked 
| 313|0x0000000093900000, 0x0000000093900000, 0x0000000093a00000|  0%| F|  |TAMS 0x0000000093900000, 0x0000000093900000| Untracked 
| 314|0x0000000093a00000, 0x0000000093a00000, 0x0000000093b00000|  0%| F|  |TAMS 0x0000000093a00000, 0x0000000093a00000| Untracked 
| 315|0x0000000093b00000, 0x0000000093b00000, 0x0000000093c00000|  0%| F|  |TAMS 0x0000000093b00000, 0x0000000093b00000| Untracked 
| 316|0x0000000093c00000, 0x0000000093c00000, 0x0000000093d00000|  0%| F|  |TAMS 0x0000000093c00000, 0x0000000093c00000| Untracked 
| 317|0x0000000093d00000, 0x0000000093d00000, 0x0000000093e00000|  0%| F|  |TAMS 0x0000000093d00000, 0x0000000093d00000| Untracked 
| 318|0x0000000093e00000, 0x0000000093e00000, 0x0000000093f00000|  0%| F|  |TAMS 0x0000000093e00000, 0x0000000093e00000| Untracked 
| 319|0x0000000093f00000, 0x0000000093f00000, 0x0000000094000000|  0%| F|  |TAMS 0x0000000093f00000, 0x0000000093f00000| Untracked 
| 320|0x0000000094000000, 0x0000000094000000, 0x0000000094100000|  0%| F|  |TAMS 0x0000000094000000, 0x0000000094000000| Untracked 
| 321|0x0000000094100000, 0x0000000094100000, 0x0000000094200000|  0%| F|  |TAMS 0x0000000094100000, 0x0000000094100000| Untracked 
| 322|0x0000000094200000, 0x0000000094200000, 0x0000000094300000|  0%| F|  |TAMS 0x0000000094200000, 0x0000000094200000| Untracked 

Card table byte_map: [0x000001ad5d920000,0x000001ad5dd20000] _byte_map_base: 0x000001ad5d520000

Marking Bits (Prev, Next): (CMBitMap*) 0x000001ad4a5e1020, (CMBitMap*) 0x000001ad4a5e0fe8
 Prev Bits: [0x000001ad60120000, 0x000001ad62120000)
 Next Bits: [0x000001ad5e120000, 0x000001ad60120000)

Polling page: 0x000001ad48510000

Metaspace:

Usage:
  Non-class:     42.60 MB capacity,    41.75 MB ( 98%) used,   745.42 KB (  2%) free+waste,   132.19 KB ( <1%) overhead. 
      Class:      6.56 MB capacity,     6.05 MB ( 92%) used,   450.57 KB (  7%) free+waste,    63.31 KB ( <1%) overhead. 
       Both:     49.16 MB capacity,    47.80 MB ( 97%) used,     1.17 MB (  2%) free+waste,   195.50 KB ( <1%) overhead. 

Virtual space:
  Non-class space:       44.00 MB reserved,      42.67 MB ( 97%) committed 
      Class space:        1.00 GB reserved,       6.63 MB ( <1%) committed 
             Both:        1.04 GB reserved,      49.30 MB (  5%) committed 

Chunk freelists:
   Non-Class:  6.00 KB
       Class:  0 bytes
        Both:  6.00 KB

MaxMetaspaceSize: 17179869184.00 GB
CompressedClassSpaceSize: 1.00 GB
Initial GC threshold: 20.80 MB
Current GC threshold: 77.79 MB
CDS: off

CodeHeap 'non-profiled nmethods': size=120000Kb used=6462Kb max_used=6462Kb free=113537Kb
 bounds [0x000001ad55cc0000, 0x000001ad56310000, 0x000001ad5d1f0000]
CodeHeap 'profiled nmethods': size=120000Kb used=14140Kb max_used=14140Kb free=105859Kb
 bounds [0x000001ad4e790000, 0x000001ad4f560000, 0x000001ad55cc0000]
CodeHeap 'non-nmethods': size=5760Kb used=2294Kb max_used=2386Kb free=3465Kb
 bounds [0x000001ad4e1f0000, 0x000001ad4e460000, 0x000001ad4e790000]
 total_blobs=6972 nmethods=6177 adapters=707
 compilation: enabled
              stopped_count=0, restarted_count=0
 full_count=0

Compilation events (20 events):
Event: 38.231 Thread 0x000001ad65444800 6276       4       org.objectweb.asm.SymbolTable::hash (10 bytes)
Event: 38.232 Thread 0x000001ad6544d000 nmethod 6273 0x000001ad4f55d610 code [0x000001ad4f55d7e0, 0x000001ad4f55da18]
Event: 38.232 Thread 0x000001ad6544d000 6277       3       org.objectweb.asm.SymbolTable::addConstantUtf8Reference (101 bytes)
Event: 38.233 Thread 0x000001ad6544d000 nmethod 6277 0x000001ad4f55db10 code [0x000001ad4f55dd40, 0x000001ad4f55e3b8]
Event: 38.233 Thread 0x000001ad6544d000 6278       3       org.objectweb.asm.SymbolTable::addConstantUtf8 (98 bytes)
Event: 38.234 Thread 0x000001ad6544d000 nmethod 6278 0x000001ad4f55e710 code [0x000001ad4f55e960, 0x000001ad4f55efd8]
Event: 38.242 Thread 0x000001ad65444800 nmethod 6276 0x000001ad5630a590 code [0x000001ad5630a720, 0x000001ad5630aa78]
Event: 38.242 Thread 0x000001ad65444800 6275       4       org.objectweb.asm.SymbolTable$Entry::<init> (17 bytes)
Event: 38.245 Thread 0x000001ad65444800 nmethod 6275 0x000001ad5630ac10 code [0x000001ad5630ada0, 0x000001ad5630af98]
Event: 38.245 Thread 0x000001ad65444800 6279       4       org.objectweb.asm.SymbolTable::addConstantUtf8 (98 bytes)
Event: 38.306 Thread 0x000001ad65444800 nmethod 6279 0x000001ad5630b010 code [0x000001ad5630b200, 0x000001ad5630c3b8]
Event: 38.306 Thread 0x000001ad65444800 6280       4       org.objectweb.asm.SymbolTable::addConstantUtf8Reference (101 bytes)
Event: 38.421 Thread 0x000001ad65444800 nmethod 6280 0x000001ad5630ca90 code [0x000001ad5630cc80, 0x000001ad5630e348]
Event: 38.421 Thread 0x000001ad65444800 6189   !   4       org.apache.tools.zip.ZipEncodingHelper::getZipEncoding (69 bytes)
Event: 38.425 Thread 0x000001ad65444800 nmethod 6189 0x000001ad5630eb10 code [0x000001ad5630ece0, 0x000001ad5630ee48]
Event: 38.425 Thread 0x000001ad65444800 6198       4       com.google.common.io.ByteStreams::readFully (61 bytes)
Event: 38.432 Thread 0x000001ad65444800 nmethod 6198 0x000001ad5630f010 code [0x000001ad5630f1c0, 0x000001ad5630f3e8]
Event: 38.432 Thread 0x000001ad65444800 6200       4       org.gradle.internal.classpath.ClasspathWalker$ZipClasspathEntry::getContent (10 bytes)
Event: 38.435 Thread 0x000001ad65444800 nmethod 6200 0x000001ad5630f710 code [0x000001ad5630f8c0, 0x000001ad5630fa08]
Event: 38.435 Thread 0x000001ad65444800 6203       4       org.gradle.internal.classpath.InstrumentingClasspathFileTransformer::lambda$visitEntries$1 (113 bytes)

GC Heap History (20 events):
Event: 34.688 GC heap after
{Heap after GC invocations=34 (full 0):
 garbage-first heap   total 229376K, used 92448K [0x0000000080000000, 0x0000000100000000)
  region size 1024K, 9 young (9216K), 9 survivors (9216K)
 Metaspace       used 48943K, capacity 50340K, committed 50480K, reserved 1093632K
  class space    used 6199K, capacity 6714K, committed 6784K, reserved 1048576K
}
Event: 34.971 GC heap before
{Heap before GC invocations=34 (full 0):
 garbage-first heap   total 229376K, used 196896K [0x0000000080000000, 0x0000000100000000)
  region size 1024K, 110 young (112640K), 9 survivors (9216K)
 Metaspace       used 48943K, capacity 50340K, committed 50480K, reserved 1093632K
  class space    used 6199K, capacity 6714K, committed 6784K, reserved 1048576K
}
Event: 34.979 GC heap after
{Heap after GC invocations=35 (full 0):
 garbage-first heap   total 229376K, used 93362K [0x0000000080000000, 0x0000000100000000)
  region size 1024K, 9 young (9216K), 9 survivors (9216K)
 Metaspace       used 48943K, capacity 50340K, committed 50480K, reserved 1093632K
  class space    used 6199K, capacity 6714K, committed 6784K, reserved 1048576K
}
Event: 35.280 GC heap before
{Heap before GC invocations=35 (full 0):
 garbage-first heap   total 229376K, used 195762K [0x0000000080000000, 0x0000000100000000)
  region size 1024K, 109 young (111616K), 9 survivors (9216K)
 Metaspace       used 48943K, capacity 50340K, committed 50480K, reserved 1093632K
  class space    used 6199K, capacity 6714K, committed 6784K, reserved 1048576K
}
Event: 35.290 GC heap after
{Heap after GC invocations=36 (full 0):
 garbage-first heap   total 275456K, used 94263K [0x0000000080000000, 0x0000000100000000)
  region size 1024K, 9 young (9216K), 9 survivors (9216K)
 Metaspace       used 48943K, capacity 50340K, committed 50480K, reserved 1093632K
  class space    used 6199K, capacity 6714K, committed 6784K, reserved 1048576K
}
Event: 35.755 GC heap before
{Heap before GC invocations=36 (full 0):
 garbage-first heap   total 275456K, used 227383K [0x0000000080000000, 0x0000000100000000)
  region size 1024K, 139 young (142336K), 9 survivors (9216K)
 Metaspace       used 48943K, capacity 50340K, committed 50480K, reserved 1093632K
  class space    used 6199K, capacity 6714K, committed 6784K, reserved 1048576K
}
Event: 35.766 GC heap after
{Heap after GC invocations=37 (full 0):
 garbage-first heap   total 275456K, used 95491K [0x0000000080000000, 0x0000000100000000)
  region size 1024K, 10 young (10240K), 10 survivors (10240K)
 Metaspace       used 48943K, capacity 50340K, committed 50480K, reserved 1093632K
  class space    used 6199K, capacity 6714K, committed 6784K, reserved 1048576K
}
Event: 36.142 GC heap before
{Heap before GC invocations=37 (full 0):
 garbage-first heap   total 275456K, used 230659K [0x0000000080000000, 0x0000000100000000)
  region size 1024K, 142 young (145408K), 10 survivors (10240K)
 Metaspace       used 48943K, capacity 50340K, committed 50480K, reserved 1093632K
  class space    used 6199K, capacity 6714K, committed 6784K, reserved 1048576K
}
Event: 36.152 GC heap after
{Heap after GC invocations=38 (full 0):
 garbage-first heap   total 275456K, used 96796K [0x0000000080000000, 0x0000000100000000)
  region size 1024K, 11 young (11264K), 11 survivors (11264K)
 Metaspace       used 48943K, capacity 50340K, committed 50480K, reserved 1093632K
  class space    used 6199K, capacity 6714K, committed 6784K, reserved 1048576K
}
Event: 36.472 GC heap before
{Heap before GC invocations=38 (full 0):
 garbage-first heap   total 275456K, used 231964K [0x0000000080000000, 0x0000000100000000)
  region size 1024K, 143 young (146432K), 11 survivors (11264K)
 Metaspace       used 48943K, capacity 50340K, committed 50480K, reserved 1093632K
  class space    used 6199K, capacity 6714K, committed 6784K, reserved 1048576K
}
Event: 36.481 GC heap after
{Heap after GC invocations=39 (full 0):
 garbage-first heap   total 275456K, used 98183K [0x0000000080000000, 0x0000000100000000)
  region size 1024K, 11 young (11264K), 11 survivors (11264K)
 Metaspace       used 48943K, capacity 50340K, committed 50480K, reserved 1093632K
  class space    used 6199K, capacity 6714K, committed 6784K, reserved 1048576K
}
Event: 36.671 GC heap before
{Heap before GC invocations=39 (full 0):
 garbage-first heap   total 275456K, used 234375K [0x0000000080000000, 0x0000000100000000)
  region size 1024K, 144 young (147456K), 11 survivors (11264K)
 Metaspace       used 48943K, capacity 50340K, committed 50480K, reserved 1093632K
  class space    used 6199K, capacity 6714K, committed 6784K, reserved 1048576K
}
Event: 36.683 GC heap after
{Heap after GC invocations=40 (full 0):
 garbage-first heap   total 330752K, used 99405K [0x0000000080000000, 0x0000000100000000)
  region size 1024K, 11 young (11264K), 11 survivors (11264K)
 Metaspace       used 48943K, capacity 50340K, committed 50480K, reserved 1093632K
  class space    used 6199K, capacity 6714K, committed 6784K, reserved 1048576K
}
Event: 36.972 GC heap before
{Heap before GC invocations=40 (full 0):
 garbage-first heap   total 330752K, used 267341K [0x0000000080000000, 0x0000000100000000)
  region size 1024K, 175 young (179200K), 11 survivors (11264K)
 Metaspace       used 48943K, capacity 50340K, committed 50480K, reserved 1093632K
  class space    used 6199K, capacity 6714K, committed 6784K, reserved 1048576K
}
Event: 36.982 GC heap after
{Heap after GC invocations=41 (full 0):
 garbage-first heap   total 330752K, used 97881K [0x0000000080000000, 0x0000000100000000)
  region size 1024K, 10 young (10240K), 10 survivors (10240K)
 Metaspace       used 48943K, capacity 50340K, committed 50480K, reserved 1093632K
  class space    used 6199K, capacity 6714K, committed 6784K, reserved 1048576K
}
Event: 37.525 GC heap before
{Heap before GC invocations=41 (full 0):
 garbage-first heap   total 330752K, used 285273K [0x0000000080000000, 0x0000000100000000)
  region size 1024K, 193 young (197632K), 10 survivors (10240K)
 Metaspace       used 48944K, capacity 50340K, committed 50480K, reserved 1093632K
  class space    used 6199K, capacity 6714K, committed 6784K, reserved 1048576K
}
Event: 37.536 GC heap after
{Heap after GC invocations=42 (full 0):
 garbage-first heap   total 330752K, used 99608K [0x0000000080000000, 0x0000000100000000)
  region size 1024K, 12 young (12288K), 12 survivors (12288K)
 Metaspace       used 48944K, capacity 50340K, committed 50480K, reserved 1093632K
  class space    used 6199K, capacity 6714K, committed 6784K, reserved 1048576K
}
Event: 38.005 GC heap before
{Heap before GC invocations=42 (full 0):
 garbage-first heap   total 330752K, used 288024K [0x0000000080000000, 0x0000000100000000)
  region size 1024K, 192 young (196608K), 12 survivors (12288K)
 Metaspace       used 48945K, capacity 50340K, committed 50480K, reserved 1093632K
  class space    used 6199K, capacity 6714K, committed 6784K, reserved 1048576K
}
Event: 38.017 GC heap after
{Heap after GC invocations=43 (full 0):
 garbage-first heap   total 330752K, used 101977K [0x0000000080000000, 0x0000000100000000)
  region size 1024K, 13 young (13312K), 13 survivors (13312K)
 Metaspace       used 48945K, capacity 50340K, committed 50480K, reserved 1093632K
  class space    used 6199K, capacity 6714K, committed 6784K, reserved 1048576K
}
Event: 38.509 GC heap before
{Heap before GC invocations=43 (full 0):
 garbage-first heap   total 330752K, used 287321K [0x0000000080000000, 0x0000000100000000)
  region size 1024K, 190 young (194560K), 13 survivors (13312K)
 Metaspace       used 48948K, capacity 50340K, committed 50480K, reserved 1093632K
  class space    used 6200K, capacity 6714K, committed 6784K, reserved 1048576K
}

Deoptimization events (20 events):
Event: 38.228 Thread 0x000001ad67f3e000 Uncommon trap: trap_request=0xffffff4d fr.pc=0x000001ad562039cc relative=0x00000000000001ac
Event: 38.228 Thread 0x000001ad67f3e000 Uncommon trap: reason=unstable_if action=reinterpret pc=0x000001ad562039cc method=java.lang.String.equals(Ljava/lang/Object;)Z @ 34 c2
Event: 38.228 Thread 0x000001ad67f3e000 DEOPT PACKING pc=0x000001ad562039cc sp=0x0000002d0a9fdfe0
Event: 38.228 Thread 0x000001ad67f3e000 DEOPT UNPACKING pc=0x000001ad4e23a1af sp=0x0000002d0a9fdf88 mode 2
Event: 38.232 Thread 0x000001ad67f3e000 DEOPT PACKING pc=0x000001ad4f514c08 sp=0x0000002d0a9fe2b0
Event: 38.232 Thread 0x000001ad67f3e000 DEOPT UNPACKING pc=0x000001ad4e23a95e sp=0x0000002d0a9fd9a0 mode 0
Event: 38.238 Thread 0x000001ad67f3e000 DEOPT PACKING pc=0x000001ad4f514c08 sp=0x0000002d0a9fe2b0
Event: 38.238 Thread 0x000001ad67f3e000 DEOPT UNPACKING pc=0x000001ad4e23a95e sp=0x0000002d0a9fd9a0 mode 0
Event: 38.242 Thread 0x000001ad67f3e000 DEOPT PACKING pc=0x000001ad4f514c08 sp=0x0000002d0a9fe2b0
Event: 38.242 Thread 0x000001ad67f3e000 DEOPT UNPACKING pc=0x000001ad4e23a95e sp=0x0000002d0a9fd9a0 mode 0
Event: 38.249 Thread 0x000001ad67f3e000 DEOPT PACKING pc=0x000001ad4f514c08 sp=0x0000002d0a9fe2b0
Event: 38.249 Thread 0x000001ad67f3e000 DEOPT UNPACKING pc=0x000001ad4e23a95e sp=0x0000002d0a9fd9a0 mode 0
Event: 38.262 Thread 0x000001ad6630b000 DEOPT PACKING pc=0x000001ad4f514c08 sp=0x0000002d0affe370
Event: 38.262 Thread 0x000001ad6630b000 DEOPT UNPACKING pc=0x000001ad4e23a95e sp=0x0000002d0affda60 mode 0
Event: 38.268 Thread 0x000001ad67f3e000 DEOPT PACKING pc=0x000001ad4f514c08 sp=0x0000002d0a9fe2b0
Event: 38.268 Thread 0x000001ad67f3e000 DEOPT UNPACKING pc=0x000001ad4e23a95e sp=0x0000002d0a9fd9a0 mode 0
Event: 38.323 Thread 0x000001ad6630b000 DEOPT PACKING pc=0x000001ad4f514c08 sp=0x0000002d0affe370
Event: 38.323 Thread 0x000001ad6630b000 DEOPT UNPACKING pc=0x000001ad4e23a95e sp=0x0000002d0affda60 mode 0
Event: 38.344 Thread 0x000001ad6630b000 DEOPT PACKING pc=0x000001ad4f53bebf sp=0x0000002d0affe2a0
Event: 38.344 Thread 0x000001ad6630b000 DEOPT UNPACKING pc=0x000001ad4e23a95e sp=0x0000002d0affda60 mode 0

Classes redefined (0 events):
No events

Internal exceptions (20 events):
Event: 31.028 Thread 0x000001ad67f3e800 Exception <a 'sun/nio/fs/WindowsException'{0x000000008ccf7308}> (0x000000008ccf7308) thrown at [./src/hotspot/share/prims/jni.cpp, line 616]
Event: 31.032 Thread 0x000001ad66310800 Exception <a 'sun/nio/fs/WindowsException'{0x000000008ca66838}> (0x000000008ca66838) thrown at [./src/hotspot/share/prims/jni.cpp, line 616]
Event: 31.040 Thread 0x000001ad67f3e800 Exception <a 'sun/nio/fs/WindowsException'{0x000000008ccf74b8}> (0x000000008ccf74b8) thrown at [./src/hotspot/share/prims/jni.cpp, line 616]
Event: 31.043 Thread 0x000001ad66310800 Exception <a 'sun/nio/fs/WindowsException'{0x000000008ca669b0}> (0x000000008ca669b0) thrown at [./src/hotspot/share/prims/jni.cpp, line 616]
Event: 31.048 Thread 0x000001ad6630c000 Implicit null exception at 0x000001ad55fba600 to 0x000001ad55fc1ad4
Event: 31.048 Thread 0x000001ad6630c000 Implicit null exception at 0x000001ad55fb12ba to 0x000001ad55fb5458
Event: 31.049 Thread 0x000001ad6630c000 Implicit null exception at 0x000001ad5603322c to 0x000001ad56034e90
Event: 31.067 Thread 0x000001ad67f3d000 Exception <a 'sun/nio/fs/WindowsException'{0x000000008c353dc0}> (0x000000008c353dc0) thrown at [./src/hotspot/share/prims/jni.cpp, line 616]
Event: 31.082 Thread 0x000001ad66310800 Exception <a 'sun/nio/fs/WindowsException'{0x000000008ca6d590}> (0x000000008ca6d590) thrown at [./src/hotspot/share/prims/jni.cpp, line 616]
Event: 31.093 Thread 0x000001ad66310800 Exception <a 'sun/nio/fs/WindowsException'{0x000000008b3eaa00}> (0x000000008b3eaa00) thrown at [./src/hotspot/share/prims/jni.cpp, line 616]
Event: 31.125 Thread 0x000001ad66310800 Exception <a 'sun/nio/fs/WindowsException'{0x000000008b3eabb0}> (0x000000008b3eabb0) thrown at [./src/hotspot/share/prims/jni.cpp, line 616]
Event: 31.143 Thread 0x000001ad67f3e800 Exception <a 'sun/nio/fs/WindowsException'{0x000000008a51db98}> (0x000000008a51db98) thrown at [./src/hotspot/share/prims/jni.cpp, line 616]
Event: 31.239 Thread 0x000001ad6630c000 Exception <a 'sun/nio/fs/WindowsException'{0x00000000883f7238}> (0x00000000883f7238) thrown at [./src/hotspot/share/prims/jni.cpp, line 616]
Event: 31.259 Thread 0x000001ad6630c000 Exception <a 'sun/nio/fs/WindowsException'{0x00000000883f7400}> (0x00000000883f7400) thrown at [./src/hotspot/share/prims/jni.cpp, line 616]
Event: 31.384 Thread 0x000001ad6630f000 Exception <a 'sun/nio/fs/WindowsException'{0x000000008d224f88}> (0x000000008d224f88) thrown at [./src/hotspot/share/prims/jni.cpp, line 616]
Event: 31.387 Thread 0x000001ad6630f000 Exception <a 'sun/nio/fs/WindowsException'{0x000000008d225108}> (0x000000008d225108) thrown at [./src/hotspot/share/prims/jni.cpp, line 616]
Event: 33.299 Thread 0x000001ad66310000 Exception <a 'sun/nio/fs/WindowsException'{0x00000000899fd688}> (0x00000000899fd688) thrown at [./src/hotspot/share/prims/jni.cpp, line 616]
Event: 33.300 Thread 0x000001ad66310000 Exception <a 'sun/nio/fs/WindowsException'{0x00000000899fd7f0}> (0x00000000899fd7f0) thrown at [./src/hotspot/share/prims/jni.cpp, line 616]
Event: 36.824 Thread 0x000001ad67f3d000 Exception <a 'sun/nio/fs/WindowsException'{0x000000008f221ac8}> (0x000000008f221ac8) thrown at [./src/hotspot/share/prims/jni.cpp, line 616]
Event: 36.827 Thread 0x000001ad67f3d000 Exception <a 'sun/nio/fs/WindowsException'{0x000000008f221c50}> (0x000000008f221c50) thrown at [./src/hotspot/share/prims/jni.cpp, line 616]

Events (20 events):
Event: 35.755 Executing VM operation: G1CollectForAllocation
Event: 35.766 Executing VM operation: G1CollectForAllocation done
Event: 36.142 Executing VM operation: G1CollectForAllocation
Event: 36.152 Executing VM operation: G1CollectForAllocation done
Event: 36.472 Executing VM operation: G1CollectForAllocation
Event: 36.481 Executing VM operation: G1CollectForAllocation done
Event: 36.671 Executing VM operation: G1CollectForAllocation
Event: 36.683 Executing VM operation: G1CollectForAllocation done
Event: 36.972 Executing VM operation: G1CollectForAllocation
Event: 36.983 Executing VM operation: G1CollectForAllocation done
Event: 37.525 Executing VM operation: G1CollectForAllocation
Event: 37.536 Executing VM operation: G1CollectForAllocation done
Event: 37.929 loading class org/apache/tools/zip/ZipOutputStream$1
Event: 37.929 loading class org/apache/tools/zip/ZipOutputStream$1 done
Event: 38.005 Executing VM operation: G1CollectForAllocation
Event: 38.017 Executing VM operation: G1CollectForAllocation done
Event: 38.019 Loaded shared library C:\Users\ryanj\OneDrive\Desktop\CMPU 203\IntelliJ IDEA 2021.3.1\jbr\bin\java.dll
Event: 38.424 loading class org/gradle/internal/classpath/InstrumentingTransformer$LambdaFactoryDetails
Event: 38.424 loading class org/gradle/internal/classpath/InstrumentingTransformer$LambdaFactoryDetails done
Event: 38.509 Executing VM operation: G1CollectForAllocation


Dynamic libraries:
0x00007ff7b7860000 - 0x00007ff7b786a000 	C:\Users\ryanj\OneDrive\Desktop\CMPU 203\IntelliJ IDEA 2021.3.1\jbr\bin\java.exe
0x00007ff9365c0000 - 0x00007ff9367c9000 	C:\WINDOWS\SYSTEM32\ntdll.dll
0x00007ff935480000 - 0x00007ff93553d000 	C:\WINDOWS\System32\KERNEL32.DLL
0x00007ff933ab0000 - 0x00007ff933e24000 	C:\WINDOWS\System32\KERNELBASE.dll
0x00007ff933f00000 - 0x00007ff934011000 	C:\WINDOWS\System32\ucrtbase.dll
0x00007ff92de10000 - 0x00007ff92de29000 	C:\Users\ryanj\OneDrive\Desktop\CMPU 203\IntelliJ IDEA 2021.3.1\jbr\bin\jli.dll
0x00007ff935040000 - 0x00007ff9351ec000 	C:\WINDOWS\System32\USER32.dll
0x00007ff933e30000 - 0x00007ff933e56000 	C:\WINDOWS\System32\win32u.dll
0x00007ff91ee40000 - 0x00007ff91f0e5000 	C:\WINDOWS\WinSxS\amd64_microsoft.windows.common-controls_6595b64144ccf1df_6.0.22000.120_none_9d947278b86cc467\COMCTL32.dll
0x00007ff935380000 - 0x00007ff9353a9000 	C:\WINDOWS\System32\GDI32.dll
0x00007ff935540000 - 0x00007ff9355e3000 	C:\WINDOWS\System32\msvcrt.dll
0x00007ff9341d0000 - 0x00007ff9342e2000 	C:\WINDOWS\System32\gdi32full.dll
0x00007ff933e60000 - 0x00007ff933efd000 	C:\WINDOWS\System32\msvcp_win.dll
0x00007ff92ddf0000 - 0x00007ff92de07000 	C:\Users\ryanj\OneDrive\Desktop\CMPU 203\IntelliJ IDEA 2021.3.1\jbr\bin\VCRUNTIME140.dll
0x00007ff936490000 - 0x00007ff9364c1000 	C:\WINDOWS\System32\IMM32.DLL
0x00007ff923940000 - 0x00007ff9239dd000 	C:\Users\ryanj\OneDrive\Desktop\CMPU 203\IntelliJ IDEA 2021.3.1\jbr\bin\msvcp140.dll
0x00007ff8e5250000 - 0x00007ff8e5dc6000 	C:\Users\ryanj\OneDrive\Desktop\CMPU 203\IntelliJ IDEA 2021.3.1\jbr\bin\server\jvm.dll
0x00007ff9364d0000 - 0x00007ff93657e000 	C:\WINDOWS\System32\ADVAPI32.dll
0x00007ff9363f0000 - 0x00007ff93648e000 	C:\WINDOWS\System32\sechost.dll
0x00007ff935260000 - 0x00007ff935380000 	C:\WINDOWS\System32\RPCRT4.dll
0x00007ff934920000 - 0x00007ff934928000 	C:\WINDOWS\System32\PSAPI.DLL
0x00007ff8e4700000 - 0x00007ff8e4709000 	C:\WINDOWS\SYSTEM32\WSOCK32.dll
0x00007ff92adc0000 - 0x00007ff92adca000 	C:\WINDOWS\SYSTEM32\VERSION.dll
0x00007ff92dd10000 - 0x00007ff92dd43000 	C:\WINDOWS\SYSTEM32\WINMM.dll
0x00007ff9353b0000 - 0x00007ff93541f000 	C:\WINDOWS\System32\WS2_32.dll
0x00007ff932c20000 - 0x00007ff932c38000 	C:\WINDOWS\SYSTEM32\kernel.appcore.dll
0x00007ff927670000 - 0x00007ff927681000 	C:\Users\ryanj\OneDrive\Desktop\CMPU 203\IntelliJ IDEA 2021.3.1\jbr\bin\verify.dll
0x00007ff931630000 - 0x00007ff931851000 	C:\WINDOWS\SYSTEM32\DBGHELP.DLL
0x00007ff920770000 - 0x00007ff9207a1000 	C:\WINDOWS\SYSTEM32\dbgcore.DLL
0x00007ff934020000 - 0x00007ff93409f000 	C:\WINDOWS\System32\bcryptPrimitives.dll
0x00007ff9261f0000 - 0x00007ff926219000 	C:\Users\ryanj\OneDrive\Desktop\CMPU 203\IntelliJ IDEA 2021.3.1\jbr\bin\java.dll
0x00007ff92d070000 - 0x00007ff92d07b000 	C:\Users\ryanj\OneDrive\Desktop\CMPU 203\IntelliJ IDEA 2021.3.1\jbr\bin\jimage.dll
0x00007ff925e50000 - 0x00007ff925e68000 	C:\Users\ryanj\OneDrive\Desktop\CMPU 203\IntelliJ IDEA 2021.3.1\jbr\bin\zip.dll
0x00007ff935b50000 - 0x00007ff9362fe000 	C:\WINDOWS\System32\SHELL32.dll
0x00007ff931c20000 - 0x00007ff932488000 	C:\WINDOWS\SYSTEM32\windows.storage.dll
0x00007ff934ad0000 - 0x00007ff934e48000 	C:\WINDOWS\System32\combase.dll
0x00007ff931ab0000 - 0x00007ff931c16000 	C:\WINDOWS\SYSTEM32\wintypes.dll
0x00007ff934830000 - 0x00007ff93491a000 	C:\WINDOWS\System32\SHCORE.dll
0x00007ff9355f0000 - 0x00007ff93564d000 	C:\WINDOWS\System32\shlwapi.dll
0x00007ff9339e0000 - 0x00007ff933a01000 	C:\WINDOWS\SYSTEM32\profapi.dll
0x00007ff925e30000 - 0x00007ff925e4a000 	C:\Users\ryanj\OneDrive\Desktop\CMPU 203\IntelliJ IDEA 2021.3.1\jbr\bin\net.dll
0x00007ff92ea80000 - 0x00007ff92eb8c000 	C:\WINDOWS\SYSTEM32\WINHTTP.dll
0x00007ff933050000 - 0x00007ff9330b7000 	C:\WINDOWS\system32\mswsock.dll
0x00007ff9256c0000 - 0x00007ff9256d4000 	C:\Users\ryanj\OneDrive\Desktop\CMPU 203\IntelliJ IDEA 2021.3.1\jbr\bin\nio.dll
0x00007ff917560000 - 0x00007ff917587000 	C:\Users\ryanj\.gradle\native\e1d6ef7f7dcc3fd88c89a11ec53ec762bb8ba0a96d01ffa2cd45eb1d1d8dd5c5\windows-amd64\native-platform.dll
0x00007ff90cfc0000 - 0x00007ff90d104000 	C:\Users\ryanj\.gradle\native\5664cfc778a61ccfe75a443a1ab52a65af34e5dc3c78e0209fed803814484fcb\windows-amd64\native-platform-file-events.dll
0x00007ff9254b0000 - 0x00007ff9254ba000 	C:\Users\ryanj\OneDrive\Desktop\CMPU 203\IntelliJ IDEA 2021.3.1\jbr\bin\management.dll
0x00007ff923890000 - 0x00007ff92389d000 	C:\Users\ryanj\OneDrive\Desktop\CMPU 203\IntelliJ IDEA 2021.3.1\jbr\bin\management_ext.dll
0x00007ff933290000 - 0x00007ff9332a8000 	C:\WINDOWS\SYSTEM32\CRYPTSP.dll
0x00007ff932b80000 - 0x00007ff932bb5000 	C:\WINDOWS\system32\rsaenh.dll
0x00007ff933140000 - 0x00007ff933169000 	C:\WINDOWS\SYSTEM32\USERENV.dll
0x00007ff933410000 - 0x00007ff933437000 	C:\WINDOWS\SYSTEM32\bcrypt.dll
0x00007ff9332b0000 - 0x00007ff9332bc000 	C:\WINDOWS\SYSTEM32\CRYPTBASE.dll
0x00007ff9326d0000 - 0x00007ff9326fd000 	C:\WINDOWS\SYSTEM32\IPHLPAPI.DLL
0x00007ff934f00000 - 0x00007ff934f09000 	C:\WINDOWS\System32\NSI.dll
0x00007ff92ea00000 - 0x00007ff92ea19000 	C:\WINDOWS\SYSTEM32\dhcpcsvc6.DLL
0x00007ff92ec90000 - 0x00007ff92ecae000 	C:\WINDOWS\SYSTEM32\dhcpcsvc.DLL
0x00007ff932700000 - 0x00007ff9327e7000 	C:\WINDOWS\SYSTEM32\DNSAPI.dll

dbghelp: loaded successfully - version: 4.0.5 - missing functions: none
symbol engine: initialized successfully - sym options: 0x614 - pdb path: .;C:\Users\ryanj\OneDrive\Desktop\CMPU 203\IntelliJ IDEA 2021.3.1\jbr\bin;C:\WINDOWS\SYSTEM32;C:\WINDOWS\WinSxS\amd64_microsoft.windows.common-controls_6595b64144ccf1df_6.0.22000.120_none_9d947278b86cc467;C:\Users\ryanj\OneDrive\Desktop\CMPU 203\IntelliJ IDEA 2021.3.1\jbr\bin\server;C:\Users\ryanj\.gradle\native\e1d6ef7f7dcc3fd88c89a11ec53ec762bb8ba0a96d01ffa2cd45eb1d1d8dd5c5\windows-amd64;C:\Users\ryanj\.gradle\native\5664cfc778a61ccfe75a443a1ab52a65af34e5dc3c78e0209fed803814484fcb\windows-amd64

VM Arguments:
jvm_args: --add-opens=java.base/java.util=ALL-UNNAMED --add-opens=java.base/java.lang=ALL-UNNAMED --add-opens=java.base/java.lang.invoke=ALL-UNNAMED --add-opens=java.base/java.util=ALL-UNNAMED --add-opens=java.prefs/java.util.prefs=ALL-UNNAMED --add-opens=java.prefs/java.util.prefs=ALL-UNNAMED --add-opens=java.base/java.nio.charset=ALL-UNNAMED --add-opens=java.base/java.net=ALL-UNNAMED --add-opens=java.base/java.util.concurrent.atomic=ALL-UNNAMED -Xmx2048m -Dfile.encoding=UTF-8 -Duser.country=US -Duser.language=en -Duser.variant 
java_command: org.gradle.launcher.daemon.bootstrap.GradleDaemon 7.2
java_class_path (initial): C:\Users\ryanj\.gradle\wrapper\dists\gradle-7.2-bin\2dnblmf4td7x66yl1d74lt32g\gradle-7.2\lib\gradle-launcher-7.2.jar
Launcher Type: SUN_STANDARD

[Global flags]
     intx CICompilerCount                          = 4                                         {product} {ergonomic}
     uint ConcGCThreads                            = 2                                         {product} {ergonomic}
     uint G1ConcRefinementThreads                  = 8                                         {product} {ergonomic}
   size_t G1HeapRegionSize                         = 1048576                                   {product} {ergonomic}
    uintx GCDrainStackTargetSize                   = 64                                        {product} {ergonomic}
   size_t InitialHeapSize                          = 234881024                                 {product} {ergonomic}
   size_t MarkStackSize                            = 4194304                                   {product} {ergonomic}
   size_t MaxHeapSize                              = 2147483648                                {product} {command line}
   size_t MaxNewSize                               = 1287651328                                {product} {ergonomic}
   size_t MinHeapDeltaBytes                        = 1048576                                   {product} {ergonomic}
    uintx NonNMethodCodeHeapSize                   = 5836300                                {pd product} {ergonomic}
    uintx NonProfiledCodeHeapSize                  = 122910970                              {pd product} {ergonomic}
    uintx ProfiledCodeHeapSize                     = 122910970                              {pd product} {ergonomic}
    uintx ReservedCodeCacheSize                    = 251658240                              {pd product} {ergonomic}
     bool SegmentedCodeCache                       = true                                      {product} {ergonomic}
     bool UseCompressedClassPointers               = true                                 {lp64_product} {ergonomic}
     bool UseCompressedOops                        = true                                 {lp64_product} {ergonomic}
     bool UseG1GC                                  = true                                      {product} {ergonomic}
     bool UseLargePagesIndividualAllocation        = false                                  {pd product} {ergonomic}

Logging:
Log output configuration:
 #0: stdout all=warning uptime,level,tags
 #1: stderr all=off uptime,level,tags

Environment Variables:
PATH=C:\Program Files (x86)\Common Files\Oracle\Java\javapath;C:\WINDOWS\system32;C:\WINDOWS;C:\WINDOWS\System32\Wbem;C:\WINDOWS\System32\WindowsPowerShell\v1.0\;C:\WINDOWS\System32\OpenSSH\;C:\Users\ryanj\Git\cmd;C:\Users\ryanj\Graphviz\bin;C:\Users\ryanj\AppData\Local\Microsoft\WindowsApps;
USERNAME=ryanj
OS=Windows_NT
PROCESSOR_IDENTIFIER=AMD64 Family 23 Model 24 Stepping 1, AuthenticAMD



---------------  S Y S T E M  ---------------

OS: Windows 11 , 64 bit Build 22000 (10.0.22000.434)
OS uptime: 5 days 11:47 hours

CPU:total 8 (initial active 8) (8 cores per cpu, 2 threads per core) family 23 model 24 stepping 1 microcode 0x0, cmov, cx8, fxsr, mmx, sse, sse2, sse3, ssse3, sse4.1, sse4.2, popcnt, avx, avx2, aes, clmul, mmxext, 3dnowpref, lzcnt, sse4a, ht, tsc, tscinvbit, tscinv, bmi1, bmi2, adx, sha, fma

Memory: 4k page, system-wide physical 14311M (2902M free)
TotalPageFile size 44662M (AvailPageFile size 65M)
current process WorkingSet (physical memory assigned to process): 556M, peak: 559M
current process commit charge ("private bytes"): 595M, peak: 660M

vm_info: OpenJDK 64-Bit Server VM (11.0.13+7-b1751.21) for windows-amd64 JRE (11.0.13+7-b1751.21), built on Nov 30 2021 02:32:50 by "" with MS VC++ 14.0 (VS2015)

END.
